#
# There is insufficient memory for the Java Runtime Environment to continue.
# Native memory allocation (malloc) failed to allocate 779776 bytes for Chunk::new
# Possible reasons:
#   The system is out of physical RAM or swap space
#   In 32 bit mode, the process size limit was hit
# Possible solutions:
#   Reduce memory load on the system
#   Increase physical memory or swap space
#   Check if swap backing store is full
#   Use 64 bit Java on a 64 bit OS
#   Decrease Java heap size (-Xmx/-Xms)
#   Decrease number of Java threads
#   Decrease Java thread stack sizes (-Xss)
#   Set larger code cache with -XX:ReservedCodeCacheSize=
# This output file may be truncated or incomplete.
#
#  Out of Memory Error (allocation.cpp:390), pid=6744, tid=0x0000000000002c94
#
# JRE version: Java(TM) SE Runtime Environment (8.0_92-b14) (build 1.8.0_92-b14)
# Java VM: Java HotSpot(TM) 64-Bit Server VM (25.92-b14 mixed mode windows-amd64 compressed oops)
# Failed to write core dump. Minidumps are not enabled by default on client versions of Windows
#

---------------  T H R E A D  ---------------

Current thread (0x0000000016c87000):  JavaThread "C2 CompilerThread1" daemon [_thread_in_native, id=11412, stack(0x0000000018000000,0x0000000018100000)]

Stack: [0x0000000018000000,0x0000000018100000]
[error occurred during error reporting (printing stack bounds), id 0xc0000005]

Native frames: (J=compiled Java code, j=interpreted, Vv=VM code, C=native code)


Current CompileTask:
C2:   5547 1262   !   4       com.android.dx.cf.cst.ConstantPoolParser::parse0 (731 bytes)


---------------  P R O C E S S  ---------------

Java Threads: ( => current thread )
  0x0000000018673800 JavaThread "pool-2-thread-4" [_thread_in_vm, id=7028, stack(0x0000000019200000,0x0000000019300000)]
  0x0000000018670800 JavaThread "pool-2-thread-3" [_thread_in_Java, id=13564, stack(0x0000000019100000,0x0000000019200000)]
  0x000000001866f800 JavaThread "pool-2-thread-2" [_thread_in_Java, id=14220, stack(0x0000000019000000,0x0000000019100000)]
  0x0000000018665000 JavaThread "pool-3-thread-1" [_thread_blocked, id=6928, stack(0x0000000018f00000,0x0000000019000000)]
  0x0000000018663800 JavaThread "pool-2-thread-1" [_thread_in_Java, id=10224, stack(0x0000000018e00000,0x0000000018f00000)]
  0x0000000016c93800 JavaThread "Service Thread" daemon [_thread_blocked, id=10712, stack(0x0000000018300000,0x0000000018400000)]
  0x0000000016c90000 JavaThread "C1 CompilerThread3" daemon [_thread_in_vm, id=13612, stack(0x0000000018200000,0x0000000018300000)]
  0x0000000016c8c000 JavaThread "C2 CompilerThread2" daemon [_thread_in_native, id=3892, stack(0x0000000018100000,0x0000000018200000)]
=>0x0000000016c87000 JavaThread "C2 CompilerThread1" daemon [_thread_in_native, id=11412, stack(0x0000000018000000,0x0000000018100000)]
  0x0000000016c23000 JavaThread "C2 CompilerThread0" daemon [_thread_in_native, id=3140, stack(0x0000000017f00000,0x0000000018000000)]
  0x0000000016c21800 JavaThread "Attach Listener" daemon [_thread_blocked, id=5616, stack(0x0000000017e00000,0x0000000017f00000)]
  0x0000000016c21000 JavaThread "Signal Dispatcher" daemon [_thread_blocked, id=12204, stack(0x0000000017d00000,0x0000000017e00000)]
  0x0000000016bd1800 JavaThread "Finalizer" daemon [_thread_blocked, id=11904, stack(0x0000000017b10000,0x0000000017c10000)]
  0x0000000016ba6000 JavaThread "Reference Handler" daemon [_thread_blocked, id=13916, stack(0x0000000017a10000,0x0000000017b10000)]
  0x0000000002c17800 JavaThread "main" [_thread_in_Java, id=2100, stack(0x0000000002a80000,0x0000000002b80000)]

Other Threads:
  0x0000000015832800 VMThread [stack: 0x0000000017910000,0x0000000017a10000] [id=7952]
  0x0000000016c9b800 WatcherThread [stack: 0x0000000018400000,0x0000000018500000] [id=13836]

VM state:not at safepoint (normal execution)

VM Mutex/Monitor currently owned by a thread: None

Heap:
 PSYoungGen      total 38400K, used 17487K [0x00000000eab00000, 0x00000000ed580000, 0x0000000100000000)
  eden space 33280K, 37% used [0x00000000eab00000,0x00000000eb71a0f8,0x00000000ecb80000)
  from space 5120K, 99% used [0x00000000ecb80000,0x00000000ed079c78,0x00000000ed080000)
  to   space 5120K, 0% used [0x00000000ed080000,0x00000000ed080000,0x00000000ed580000)
 ParOldGen       total 87552K, used 1682K [0x00000000c0000000, 0x00000000c5580000, 0x00000000eab00000)
  object space 87552K, 1% used [0x00000000c0000000,0x00000000c01a4a58,0x00000000c5580000)
 Metaspace       used 5946K, capacity 6960K, committed 7040K, reserved 1056768K
  class space    used 593K, capacity 616K, committed 640K, reserved 1048576K

Card table byte_map: [0x00000000120d0000,0x00000000122e0000] byte_map_base: 0x0000000011ad0000

Marking Bits: (ParMarkBitMap*) 0x0000000070e464f0
 Begin Bits: [0x0000000012c40000, 0x0000000013c40000)
 End Bits:   [0x0000000013c40000, 0x0000000014c40000)

Polling page: 0x00000000029e0000

CodeCache: size=245760Kb used=5256Kb max_used=5274Kb free=240503Kb
 bounds [0x0000000002d10000, 0x0000000003240000, 0x0000000011d10000]
 total_blobs=1568 nmethods=1299 adapters=182
 compilation: enabled

Compilation events (10 events):
Event: 5.500 Thread 0x0000000016c90000 nmethod 1319 0x0000000003213910 code [0x0000000003213b80, 0x0000000003214d28]
Event: 5.500 Thread 0x0000000016c90000 1321       3       com.android.dx.rop.cst.CstBaseMethodRef::<init> (31 bytes)
Event: 5.501 Thread 0x0000000016c90000 nmethod 1321 0x0000000003215710 code [0x0000000003215880, 0x0000000003215c38]
Event: 5.501 Thread 0x0000000016c90000 1313       3       com.android.dx.ssa.SsaMethod::onInsnsChanged (16 bytes)
Event: 5.501 Thread 0x0000000016c90000 nmethod 1313 0x0000000003215d50 code [0x0000000003215ea0, 0x0000000003216030]
Event: 5.501 Thread 0x0000000016c90000 1314       3       com.android.dx.cf.code.BytecodeArray::size (8 bytes)
Event: 5.502 Thread 0x0000000016c90000 nmethod 1314 0x00000000032160d0 code [0x0000000003216220, 0x0000000003216410]
Event: 5.502 Thread 0x0000000016c90000 1303       3       com.android.dx.rop.cst.CstFieldRef::getType (8 bytes)
Event: 5.503 Thread 0x0000000016c90000 nmethod 1303 0x00000000032164d0 code [0x0000000003216640, 0x00000000032169e8]
Event: 5.503 Thread 0x0000000016c90000 1304       3       com.android.dx.cf.code.Simulator$SimVisitor::visitNoArgs (2108 bytes)

GC Heap History (2 events):
Event: 5.044 GC heap before
{Heap before GC invocations=1 (full 0):
 PSYoungGen      total 38400K, used 33280K [0x00000000eab00000, 0x00000000ed580000, 0x0000000100000000)
  eden space 33280K, 100% used [0x00000000eab00000,0x00000000ecb80000,0x00000000ecb80000)
  from space 5120K, 0% used [0x00000000ed080000,0x00000000ed080000,0x00000000ed580000)
  to   space 5120K, 0% used [0x00000000ecb80000,0x00000000ecb80000,0x00000000ed080000)
 ParOldGen       total 87552K, used 0K [0x00000000c0000000, 0x00000000c5580000, 0x00000000eab00000)
  object space 87552K, 0% used [0x00000000c0000000,0x00000000c0000000,0x00000000c5580000)
 Metaspace       used 5866K, capacity 6896K, committed 7040K, reserved 1056768K
  class space    used 593K, capacity 616K, committed 640K, reserved 1048576K
Event: 5.098 GC heap after
Heap after GC invocations=1 (full 0):
 PSYoungGen      total 38400K, used 5095K [0x00000000eab00000, 0x00000000ed580000, 0x0000000100000000)
  eden space 33280K, 0% used [0x00000000eab00000,0x00000000eab00000,0x00000000ecb80000)
  from space 5120K, 99% used [0x00000000ecb80000,0x00000000ed079c78,0x00000000ed080000)
  to   space 5120K, 0% used [0x00000000ed080000,0x00000000ed080000,0x00000000ed580000)
 ParOldGen       total 87552K, used 1682K [0x00000000c0000000, 0x00000000c5580000, 0x00000000eab00000)
  object space 87552K, 1% used [0x00000000c0000000,0x00000000c01a4a58,0x00000000c5580000)
 Metaspace       used 5866K, capacity 6896K, committed 7040K, reserved 1056768K
  class space    used 593K, capacity 616K, committed 640K, reserved 1048576K
}

Deoptimization events (10 events):
Event: 4.396 Thread 0x0000000002c17800 Uncommon trap: reason=unstable_if action=reinterpret pc=0x0000000002fb239c method=com.android.dx.rop.cst.Constant.compareTo(Lcom/android/dx/rop/cst/Constant;)I @ 12
Event: 4.402 Thread 0x0000000018670800 Uncommon trap: reason=unstable_if action=reinterpret pc=0x0000000003037990 method=com.android.dx.ssa.SsaRenamer$BlockRenamer.addMapping(ILcom/android/dx/rop/code/RegisterSpec;)V @ 120
Event: 4.496 Thread 0x0000000018670800 Uncommon trap: reason=null_check action=make_not_entrant pc=0x00000000030275f4 method=com.android.dx.ssa.SsaRenamer.getLocalForNewReg(I)Lcom/android/dx/rop/code/LocalItem; @ 19
Event: 4.905 Thread 0x0000000018670800 Uncommon trap: reason=bimorphic action=maybe_recompile pc=0x0000000002f69a90 method=java.util.HashMap.getNode(ILjava/lang/Object;)Ljava/util/HashMap$Node; @ 126
Event: 4.905 Thread 0x0000000018670800 Uncommon trap: reason=bimorphic action=maybe_recompile pc=0x0000000002f69a90 method=java.util.HashMap.getNode(ILjava/lang/Object;)Ljava/util/HashMap$Node; @ 126
Event: 4.922 Thread 0x000000001866f800 Uncommon trap: reason=bimorphic action=maybe_recompile pc=0x0000000002f69a90 method=java.util.HashMap.getNode(ILjava/lang/Object;)Ljava/util/HashMap$Node; @ 126
Event: 4.922 Thread 0x000000001866f800 Uncommon trap: reason=class_check action=maybe_recompile pc=0x00000000030cb184 method=java.util.HashMap.putVal(ILjava/lang/Object;Ljava/lang/Object;ZZ)Ljava/lang/Object; @ 203
Event: 4.922 Thread 0x000000001866f800 Uncommon trap: reason=bimorphic action=maybe_recompile pc=0x0000000002f69a90 method=java.util.HashMap.getNode(ILjava/lang/Object;)Ljava/util/HashMap$Node; @ 126
Event: 4.923 Thread 0x000000001866f800 Uncommon trap: reason=class_check action=maybe_recompile pc=0x00000000030cb184 method=java.util.HashMap.putVal(ILjava/lang/Object;Ljava/lang/Object;ZZ)Ljava/lang/Object; @ 203
Event: 4.924 Thread 0x000000001866f800 Uncommon trap: reason=bimorphic action=maybe_recompile pc=0x000000000309de2c method=java.util.HashMap.getNode(ILjava/lang/Object;)Ljava/util/HashMap$Node; @ 126

Internal exceptions (3 events):
Event: 0.293 Thread 0x0000000002c17800 Exception <a 'java/lang/NoSuchMethodError': Method sun.misc.Unsafe.defineClass(Ljava/lang/String;[BII)Ljava/lang/Class; name or signature does not match> (0x00000000eab07cc0) thrown at [D:\re\workspace\8-2-build-windows-amd64-cygwin\jdk8u92\6642\hotspot\srèD∆êÃ“?
Event: 0.294 Thread 0x0000000002c17800 Exception <a 'java/lang/NoSuchMethodError': Method sun.misc.Unsafe.prefetchRead(Ljava/lang/Object;J)V name or signature does not match> (0x00000000eab07fa8) thrown at [D:\re\workspace\8-2-build-windows-amd64-cygwin\jdk8u92\6642\hotspot\src\share\vm\prims\j"Õá‰ı˚@
Event: 4.496 Thread 0x0000000018670800 Implicit null exception at 0x0000000003025d2e to 0x00000000030275ad

Events (10 events):
Event: 4.923 Thread 0x000000001866f800 Uncommon trap: trap_request=0xffffffde fr.pc=0x00000000030cb184
Event: 4.923 Thread 0x000000001866f800 DEOPT PACKING pc=0x00000000030cb184 sp=0x00000000190fea70
Event: 4.923 Thread 0x000000001866f800 DEOPT UNPACKING pc=0x0000000002d5582a sp=0x00000000190fe9f8 mode 2
Event: 4.924 Thread 0x000000001866f800 Uncommon trap: trap_request=0xffffffc6 fr.pc=0x000000000309de2c
Event: 4.924 Thread 0x000000001866f800 DEOPT PACKING pc=0x000000000309de2c sp=0x00000000190fe780
Event: 4.924 Thread 0x000000001866f800 DEOPT UNPACKING pc=0x0000000002d5582a sp=0x00000000190fe718 mode 2
Event: 5.037 Executing VM operation: ParallelGCFailedAllocation
Event: 5.098 Executing VM operation: ParallelGCFailedAllocation done
Event: 5.102 Executing VM operation: EnableBiasedLocking
Event: 5.102 Executing VM operation: EnableBiasedLocking done


Dynamic libraries:
0x00007ff673130000 - 0x00007ff673167000 	C:\Program Files\Java\jdk1.8.0_92\bin\java.exe
0x00007ffee4570000 - 0x00007ffee4741000 	C:\WINDOWS\SYSTEM32\ntdll.dll
0x00007ffee25e0000 - 0x00007ffee268b000 	C:\WINDOWS\System32\KERNEL32.DLL
0x00007ffee0c10000 - 0x00007ffee0e2d000 	C:\WINDOWS\System32\KERNELBASE.dll
0x0000000071c80000 - 0x0000000071d2e000 	C:\Program Files\Bitdefender\Bitdefender 2016\Active Virus Control\Avc3_00369_042\avcuf64.dll
0x00007ffedef60000 - 0x00007ffedefda000 	C:\WINDOWS\system32\apphelp.dll
0x00007ffeab230000 - 0x00007ffeab6b2000 	C:\WINDOWS\AppPatch\AppPatch64\AcLayers.DLL
0x00007ffee4420000 - 0x00007ffee44be000 	C:\WINDOWS\System32\msvcrt.dll
0x00007ffee2260000 - 0x00007ffee23c5000 	C:\WINDOWS\System32\USER32.dll
0x00007ffee1a10000 - 0x00007ffee1a2e000 	C:\WINDOWS\System32\win32u.dll
0x00007ffee2220000 - 0x00007ffee2254000 	C:\WINDOWS\System32\GDI32.dll
0x00007ffee0fd0000 - 0x00007ffee1152000 	C:\WINDOWS\System32\gdi32full.dll
0x00007ffee21b0000 - 0x00007ffee2202000 	C:\WINDOWS\System32\SHLWAPI.dll
0x00007ffee3c70000 - 0x00007ffee3f37000 	C:\WINDOWS\System32\combase.dll
0x00007ffee0e30000 - 0x00007ffee0f25000 	C:\WINDOWS\System32\ucrtbase.dll
0x00007ffee42f0000 - 0x00007ffee4411000 	C:\WINDOWS\System32\RPCRT4.dll
0x00007ffee0af0000 - 0x00007ffee0b5a000 	C:\WINDOWS\System32\bcryptPrimitives.dll
0x0000000000b40000 - 0x0000000000b43000 	C:\WINDOWS\SYSTEM32\sfc.dll
0x00007ffedafc0000 - 0x00007ffedb045000 	C:\WINDOWS\SYSTEM32\WINSPOOL.DRV
0x00007ffee08f0000 - 0x00007ffee091b000 	C:\WINDOWS\SYSTEM32\bcrypt.dll
0x00007ffecee00000 - 0x00007ffecee11000 	C:\WINDOWS\SYSTEM32\sfc_os.DLL
0x00007ffedab40000 - 0x00007ffedab51000 	C:\WINDOWS\SYSTEM32\SortWindows61.dll
0x00007ffee2180000 - 0x00007ffee21ae000 	C:\WINDOWS\System32\IMM32.DLL
0x00007ffee4240000 - 0x00007ffee42e2000 	C:\WINDOWS\System32\ADVAPI32.dll
0x00007ffee26f0000 - 0x00007ffee2749000 	C:\WINDOWS\System32\sechost.dll
0x00007ffedbbc0000 - 0x00007ffedbe39000 	C:\WINDOWS\WinSxS\amd64_microsoft.windows.common-controls_6595b64144ccf1df_6.0.14393.0_none_2d0f50fcbdb171b8\COMCTL32.dll
0x00000000028d0000 - 0x00000000029a2000 	C:\Program Files\Java\jdk1.8.0_92\jre\bin\msvcr100.dll
0x0000000070630000 - 0x0000000070ec6000 	C:\Program Files\Java\jdk1.8.0_92\jre\bin\server\jvm.dll
0x00007ffee2750000 - 0x00007ffee2758000 	C:\WINDOWS\System32\PSAPI.DLL
0x00007ffed48b0000 - 0x00007ffed48b9000 	C:\WINDOWS\SYSTEM32\WSOCK32.dll
0x00007ffee44e0000 - 0x00007ffee454a000 	C:\WINDOWS\System32\WS2_32.dll
0x00007ffede960000 - 0x00007ffede983000 	C:\WINDOWS\SYSTEM32\WINMM.dll
0x00007ffeddcc0000 - 0x00007ffeddcca000 	C:\WINDOWS\SYSTEM32\VERSION.dll
0x00007ffede6a0000 - 0x00007ffede6cb000 	C:\WINDOWS\SYSTEM32\WINMMBASE.dll
0x00007ffee1a90000 - 0x00007ffee1ad2000 	C:\WINDOWS\System32\cfgmgr32.dll
0x0000000000ec0000 - 0x0000000000ecf000 	C:\Program Files\Java\jdk1.8.0_92\jre\bin\verify.dll
0x00000000029b0000 - 0x00000000029d9000 	C:\Program Files\Java\jdk1.8.0_92\jre\bin\java.dll
0x0000000002a10000 - 0x0000000002a26000 	C:\Program Files\Java\jdk1.8.0_92\jre\bin\zip.dll
0x00007ffee2760000 - 0x00007ffee3c68000 	C:\WINDOWS\System32\SHELL32.dll
0x00007ffee1330000 - 0x00007ffee1a0a000 	C:\WINDOWS\System32\windows.storage.dll
0x00007ffee09f0000 - 0x00007ffee0a3c000 	C:\WINDOWS\System32\powrprof.dll
0x00007ffee09d0000 - 0x00007ffee09df000 	C:\WINDOWS\System32\kernel.appcore.dll
0x00007ffee0b60000 - 0x00007ffee0c09000 	C:\WINDOWS\System32\shcore.dll
0x00007ffee09b0000 - 0x00007ffee09c4000 	C:\WINDOWS\System32\profapi.dll

VM Arguments:
jvm_args: -Djava.awt.headless=true -Xmx1024M -Dfile.encoding=windows-1252 -Duser.country=US -Duser.language=en -Duser.variant 
java_command: com.android.dx.command.Main --dex --force-jumbo --num-threads=4 --multi-dex --output C:\Users\kikkos\AndroidStudioProjects\Udacity\StockHawk\app\build\intermediates\transforms\dex\debug\folders\1000\10\com.android.support-design-23.1.1_c38236f42ccca09decf9f0c5a5b2647413991a55 C:\Users\kikkos\AndroidStudioProjects\Udacity\StockHawk\app\build\intermediates\exploded-aar\com.android.support\design\23.1.1\jars\classes.jar
java_class_path (initial): C:\Users\kikkos\AppData\Local\Android\sdk\build-tools\23.0.1\lib\dx.jar
Launcher Type: SUN_STANDARD

Environment Variables:
JAVA_HOME=C:\Program Files\Java\jdk1.8.0_92
PATH=C:\Program Files (x86)\Intel\iCLS Client\;C:\Program Files\Intel\iCLS Client\;C:\ProgramData\Oracle\Java\javapath;C:\Program Files\ImageMagick-6.8.9-Q16;C:\WINDOWS\system32;C:\WINDOWS;C:\WINDOWS\System32\Wbem;C:\Program Files\Lenovo\Bluetooth Software\;C:\Program Files\Lenovo\Bluetooth Software\syswow64;C:\Program Files\Intel\WiFi\bin\;C:\Program Files\Common Files\Intel\WirelessCommon\;C:\Program Files\Microsoft\Web Platform Installer\;C:\WINDOWS\System32\WindowsPowerShell\v1.0\;C:\Program Files\Microsoft SQL Server\110\Tools\Binn\;C:\Program Files\Sublime Text 2;C:\Program Files (x86)\Heroku\bin;C:\Program Files\Intel\Intel(R) Management Engine Components\DAL;C:\Program Files\Intel\Intel(R) Management Engine Components\IPT;C:\Program Files (x86)\Intel\Intel(R) Management Engine Components\DAL;C:\Program Files (x86)\Intel\Intel(R) Management Engine Components\IPT;C:\Program Files (x86)\NVIDIA Corporation\PhysX\Common;C:\WINDOWS\system32;C:\WINDOWS;C:\WINDOWS\System32\Wbem;C:\WINDOWS\System32\WindowsPowerShell\v1.0\;C:\Program Files (x86)\Skype\Phone\;C:\Ruby23-x64\bin;C:\Program Files (x86)\MySQL\MySQL Fabric 1.5 & MySQL Utilities 1.5\;C:\Program Files (x86)\MySQL\MySQL Fabric 1.5 & MySQL Utilities 1.5\Doctrine extensions for PHP\;C:\Program Files\MySQL\MySQL Server 5.7\bin;C:\RailsInstaller\Ruby2.2.0\bin;C:\Users\kikkos\AppData\Local\GitHub\PortableGit_d76a6a98c9315931ec4927243517bc09e9b731a0\cmd;C:\Ruby22-x64\bin;C:\Program Files (x86)\Heroku\ruby-1.9.3\bin;C:\Program Files\Intel\WiFi\bin\;C:\Program Files\Common Files\Intel\WirelessCommon\;C:\Program Files\MongoDB\Server\3.2\bin;C:\sqlite;C:\Users\kikkos\AppData\Local\Microsoft\WindowsApps;C:\Program Files\Java\jdk1.8.0_92\bin
USERNAME=kikkos
OS=Windows_NT
PROCESSOR_IDENTIFIER=Intel64 Family 6 Model 42 Stepping 7, GenuineIntel



---------------  S Y S T E M  ---------------

OS: Windows 10.0 , 64 bit Build 14393 (10.0.14393.0)

CPU:total 8 (4 cores per cpu, 2 threads per core) family 6 model 42 stepping 7, cmov, cx8, fxsr, mmx, sse, sse2, sse3, ssse3, sse4.1, sse4.2, popcnt, avx, aes, clmul, ht, tsc, tscinvbit

Memory: 4k page, physical 8300684k(1966292k free), swap 8505484k(5336k free)

vm_info: Java HotSpot(TM) 64-Bit Server VM (25.92-b14) for windows-amd64 JRE (1.8.0_92-b14), built on Mar 31 2016 21:03:04 by "java_re" with MS VC++ 10.0 (VS2010)

time: Mon Oct 24 16:24:06 2016
elapsed time: 5 seconds (0d 0h 0m 5s)

