#
# There is insufficient memory for the Java Runtime Environment to continue.
# Native memory allocation (malloc) failed to allocate 241536 bytes for Chunk::new
# Possible reasons:
#   The system is out of physical RAM or swap space
#   In 32 bit mode, the process size limit was hit
# Possible solutions:
#   Reduce memory load on the system
#   Increase physical memory or swap space
#   Check if swap backing store is full
#   Use 64 bit Java on a 64 bit OS
#   Decrease Java heap size (-Xmx/-Xms)
#   Decrease number of Java threads
#   Decrease Java thread stack sizes (-Xss)
#   Set larger code cache with -XX:ReservedCodeCacheSize=
# This output file may be truncated or incomplete.
#
#  Out of Memory Error (allocation.cpp:390), pid=14280, tid=0x0000000000000b04
#
# JRE version: Java(TM) SE Runtime Environment (8.0_92-b14) (build 1.8.0_92-b14)
# Java VM: Java HotSpot(TM) 64-Bit Server VM (25.92-b14 mixed mode windows-amd64 compressed oops)
# Failed to write core dump. Minidumps are not enabled by default on client versions of Windows
#

---------------  T H R E A D  ---------------

Current thread (0x00000000167e7000):  JavaThread "C2 CompilerThread0" daemon [_thread_in_native, id=2820, stack(0x0000000017ac0000,0x0000000017bc0000)]

Stack: [0x0000000017ac0000,0x0000000017bc0000]
[error occurred during error reporting (printing stack bounds), id 0xc0000005]

Native frames: (J=compiled Java code, j=interpreted, Vv=VM code, C=native code)


Current CompileTask:
C2:   8502 2452       4       com.android.dx.dex.code.StdCatchBuilder::build (262 bytes)


---------------  P R O C E S S  ---------------

Java Threads: ( => current thread )
  0x000000001ac65000 JavaThread "pool-1-thread-1" [_thread_in_Java, id=13944, stack(0x000000001be30000,0x000000001bf30000)]
  0x0000000016893800 JavaThread "Service Thread" daemon [_thread_blocked, id=14856, stack(0x0000000017ec0000,0x0000000017fc0000)]
  0x00000000167f0000 JavaThread "C1 CompilerThread3" daemon [_thread_in_native, id=14080, stack(0x0000000017dc0000,0x0000000017ec0000)]
  0x00000000167f1800 JavaThread "C2 CompilerThread2" daemon [_thread_in_native, id=10824, stack(0x0000000017cc0000,0x0000000017dc0000)]
  0x00000000167ef000 JavaThread "C2 CompilerThread1" daemon [_thread_in_native, id=9680, stack(0x0000000017bc0000,0x0000000017cc0000)]
=>0x00000000167e7000 JavaThread "C2 CompilerThread0" daemon [_thread_in_native, id=2820, stack(0x0000000017ac0000,0x0000000017bc0000)]
  0x00000000167e1800 JavaThread "Attach Listener" daemon [_thread_blocked, id=9948, stack(0x00000000179c0000,0x0000000017ac0000)]
  0x00000000167e1000 JavaThread "Signal Dispatcher" daemon [_thread_blocked, id=6592, stack(0x00000000178c0000,0x00000000179c0000)]
  0x0000000016798000 JavaThread "Finalizer" daemon [_thread_blocked, id=12296, stack(0x00000000176d0000,0x00000000177d0000)]
  0x0000000016766000 JavaThread "Reference Handler" daemon [_thread_blocked, id=15160, stack(0x00000000175d0000,0x00000000176d0000)]
  0x00000000027f8000 JavaThread "main" [_thread_blocked, id=13400, stack(0x00000000026f0000,0x00000000027f0000)]

Other Threads:
  0x0000000015412800 VMThread [stack: 0x00000000174d0000,0x00000000175d0000] [id=11788]
  0x000000001681a800 WatcherThread [stack: 0x0000000017fc0000,0x00000000180c0000] [id=15164]

VM state:not at safepoint (normal execution)

VM Mutex/Monitor currently owned by a thread: None

Heap:
 PSYoungGen      total 138240K, used 15846K [0x00000000eab00000, 0x00000000f3700000, 0x0000000100000000)
  eden space 133120K, 8% used [0x00000000eab00000,0x00000000eb5818a8,0x00000000f2d00000)
  from space 5120K, 99% used [0x00000000f2d00000,0x00000000f31f8160,0x00000000f3200000)
  to   space 5120K, 0% used [0x00000000f3200000,0x00000000f3200000,0x00000000f3700000)
 ParOldGen       total 87552K, used 37542K [0x00000000c0000000, 0x00000000c5580000, 0x00000000eab00000)
  object space 87552K, 42% used [0x00000000c0000000,0x00000000c24a9b78,0x00000000c5580000)
 Metaspace       used 6833K, capacity 7672K, committed 7936K, reserved 1056768K
  class space    used 638K, capacity 688K, committed 768K, reserved 1048576K

Card table byte_map: [0x0000000011cb0000,0x0000000011ec0000] byte_map_base: 0x00000000116b0000

Marking Bits: (ParMarkBitMap*) 0x0000000070e464f0
 Begin Bits: [0x0000000012820000, 0x0000000013820000)
 End Bits:   [0x0000000013820000, 0x0000000014820000)

Polling page: 0x0000000002650000

CodeCache: size=245760Kb used=10881Kb max_used=10881Kb free=234879Kb
 bounds [0x00000000028f0000, 0x00000000033a0000, 0x00000000118f0000]
 total_blobs=2762 nmethods=2488 adapters=183
 compilation: enabled

Compilation events (10 events):
Event: 8.496 Thread 0x00000000167f0000 nmethod 2571 0x0000000003365910 code [0x0000000003365a60, 0x0000000003365bb0]
Event: 8.496 Thread 0x00000000167f0000 2574       2       com.android.dx.dex.code.FixedSizeInsn::writeTo (13 bytes)
Event: 8.497 Thread 0x00000000167f0000 nmethod 2574 0x0000000003388950 code [0x0000000003388ac0, 0x0000000003388c48]
Event: 8.497 Thread 0x00000000167f0000 2576       2       com.android.dx.rop.code.RegisterSpecList::getWordCount (33 bytes)
Event: 8.497 Thread 0x00000000167f0000 nmethod 2576 0x0000000003388d10 code [0x0000000003388ea0, 0x0000000003389148]
Event: 8.497 Thread 0x00000000167f0000 2575       2       com.android.dx.dex.code.InsnFormat::opcodeUnit (54 bytes)
Event: 8.497 Thread 0x00000000167f0000 nmethod 2575 0x00000000033893d0 code [0x0000000003389560, 0x0000000003389818]
Event: 8.497 Thread 0x00000000167f0000 2577       1       com.android.dx.dex.code.ZeroSizeInsn::writeTo (1 bytes)
Event: 8.497 Thread 0x00000000167f0000 nmethod 2577 0x0000000003389990 code [0x0000000003389ae0, 0x0000000003389bf0]
Event: 8.497 Thread 0x00000000167f0000 2569       3       com.android.dx.util.ByteArrayAnnotatedOutput::assertCursor (48 bytes)

GC Heap History (10 events):
Event: 2.434 GC heap before
{Heap before GC invocations=1 (full 0):
 PSYoungGen      total 38400K, used 33280K [0x00000000eab00000, 0x00000000ed580000, 0x0000000100000000)
  eden space 33280K, 100% used [0x00000000eab00000,0x00000000ecb80000,0x00000000ecb80000)
  from space 5120K, 0% used [0x00000000ed080000,0x00000000ed080000,0x00000000ed580000)
  to   space 5120K, 0% used [0x00000000ecb80000,0x00000000ecb80000,0x00000000ed080000)
 ParOldGen       total 87552K, used 0K [0x00000000c0000000, 0x00000000c5580000, 0x00000000eab00000)
  object space 87552K, 0% used [0x00000000c0000000,0x00000000c0000000,0x00000000c5580000)
 Metaspace       used 5913K, capacity 6960K, committed 7040K, reserved 1056768K
  class space    used 591K, capacity 616K, committed 640K, reserved 1048576K
Event: 2.501 GC heap after
Heap after GC invocations=1 (full 0):
 PSYoungGen      total 38400K, used 5114K [0x00000000eab00000, 0x00000000ef600000, 0x0000000100000000)
  eden space 33280K, 0% used [0x00000000eab00000,0x00000000eab00000,0x00000000ecb80000)
  from space 5120K, 99% used [0x00000000ecb80000,0x00000000ed07eaa8,0x00000000ed080000)
  to   space 5120K, 0% used [0x00000000ef100000,0x00000000ef100000,0x00000000ef600000)
 ParOldGen       total 87552K, used 1739K [0x00000000c0000000, 0x00000000c5580000, 0x00000000eab00000)
  object space 87552K, 1% used [0x00000000c0000000,0x00000000c01b2ce0,0x00000000c5580000)
 Metaspace       used 5913K, capacity 6960K, committed 7040K, reserved 1056768K
  class space    used 591K, capacity 616K, committed 640K, reserved 1048576K
}
Event: 3.165 GC heap before
{Heap before GC invocations=2 (full 0):
 PSYoungGen      total 38400K, used 38394K [0x00000000eab00000, 0x00000000ef600000, 0x0000000100000000)
  eden space 33280K, 100% used [0x00000000eab00000,0x00000000ecb80000,0x00000000ecb80000)
  from space 5120K, 99% used [0x00000000ecb80000,0x00000000ed07eaa8,0x00000000ed080000)
  to   space 5120K, 0% used [0x00000000ef100000,0x00000000ef100000,0x00000000ef600000)
 ParOldGen       total 87552K, used 1739K [0x00000000c0000000, 0x00000000c5580000, 0x00000000eab00000)
  object space 87552K, 1% used [0x00000000c0000000,0x00000000c01b2ce0,0x00000000c5580000)
 Metaspace       used 6084K, capacity 7088K, committed 7296K, reserved 1056768K
  class space    used 596K, capacity 616K, committed 640K, reserved 1048576K
Event: 3.245 GC heap after
Heap after GC invocations=2 (full 0):
 PSYoungGen      total 71680K, used 5098K [0x00000000eab00000, 0x00000000ef600000, 0x0000000100000000)
  eden space 66560K, 0% used [0x00000000eab00000,0x00000000eab00000,0x00000000eec00000)
  from space 5120K, 99% used [0x00000000ef100000,0x00000000ef5faa30,0x00000000ef600000)
  to   space 5120K, 0% used [0x00000000eec00000,0x00000000eec00000,0x00000000ef100000)
 ParOldGen       total 87552K, used 6614K [0x00000000c0000000, 0x00000000c5580000, 0x00000000eab00000)
  object space 87552K, 7% used [0x00000000c0000000,0x00000000c0675808,0x00000000c5580000)
 Metaspace       used 6084K, capacity 7088K, committed 7296K, reserved 1056768K
  class space    used 596K, capacity 616K, committed 640K, reserved 1048576K
}
Event: 3.986 GC heap before
{Heap before GC invocations=3 (full 0):
 PSYoungGen      total 71680K, used 71658K [0x00000000eab00000, 0x00000000ef600000, 0x0000000100000000)
  eden space 66560K, 100% used [0x00000000eab00000,0x00000000eec00000,0x00000000eec00000)
  from space 5120K, 99% used [0x00000000ef100000,0x00000000ef5faa30,0x00000000ef600000)
  to   space 5120K, 0% used [0x00000000eec00000,0x00000000eec00000,0x00000000ef100000)
 ParOldGen       total 87552K, used 6614K [0x00000000c0000000, 0x00000000c5580000, 0x00000000eab00000)
  object space 87552K, 7% used [0x00000000c0000000,0x00000000c0675808,0x00000000c5580000)
 Metaspace       used 6236K, capacity 7128K, committed 7424K, reserved 1056768K
  class space    used 615K, capacity 656K, committed 768K, reserved 1048576K
Event: 4.014 GC heap after
Heap after GC invocations=3 (full 0):
 PSYoungGen      total 71680K, used 5117K [0x00000000eab00000, 0x00000000f3700000, 0x0000000100000000)
  eden space 66560K, 0% used [0x00000000eab00000,0x00000000eab00000,0x00000000eec00000)
  from space 5120K, 99% used [0x00000000eec00000,0x00000000ef0ff7d0,0x00000000ef100000)
  to   space 5120K, 0% used [0x00000000f3200000,0x00000000f3200000,0x00000000f3700000)
 ParOldGen       total 87552K, used 15715K [0x00000000c0000000, 0x00000000c5580000, 0x00000000eab00000)
  object space 87552K, 17% used [0x00000000c0000000,0x00000000c0f58ef8,0x00000000c5580000)
 Metaspace       used 6236K, capacity 7128K, committed 7424K, reserved 1056768K
  class space    used 615K, capacity 656K, committed 768K, reserved 1048576K
}
Event: 4.524 GC heap before
{Heap before GC invocations=4 (full 0):
 PSYoungGen      total 71680K, used 71677K [0x00000000eab00000, 0x00000000f3700000, 0x0000000100000000)
  eden space 66560K, 100% used [0x00000000eab00000,0x00000000eec00000,0x00000000eec00000)
  from space 5120K, 99% used [0x00000000eec00000,0x00000000ef0ff7d0,0x00000000ef100000)
  to   space 5120K, 0% used [0x00000000f3200000,0x00000000f3200000,0x00000000f3700000)
 ParOldGen       total 87552K, used 15715K [0x00000000c0000000, 0x00000000c5580000, 0x00000000eab00000)
  object space 87552K, 17% used [0x00000000c0000000,0x00000000c0f58ef8,0x00000000c5580000)
 Metaspace       used 6276K, capacity 7192K, committed 7424K, reserved 1056768K
  class space    used 615K, capacity 656K, committed 768K, reserved 1048576K
Event: 4.619 GC heap after
Heap after GC invocations=4 (full 0):
 PSYoungGen      total 138240K, used 5114K [0x00000000eab00000, 0x00000000f3700000, 0x0000000100000000)
  eden space 133120K, 0% used [0x00000000eab00000,0x00000000eab00000,0x00000000f2d00000)
  from space 5120K, 99% used [0x00000000f3200000,0x00000000f36fea18,0x00000000f3700000)
  to   space 5120K, 0% used [0x00000000f2d00000,0x00000000f2d00000,0x00000000f3200000)
 ParOldGen       total 87552K, used 25240K [0x00000000c0000000, 0x00000000c5580000, 0x00000000eab00000)
  object space 87552K, 28% used [0x00000000c0000000,0x00000000c18a6278,0x00000000c5580000)
 Metaspace       used 6276K, capacity 7192K, committed 7424K, reserved 1056768K
  class space    used 615K, capacity 656K, committed 768K, reserved 1048576K
}
Event: 8.015 GC heap before
{Heap before GC invocations=5 (full 0):
 PSYoungGen      total 138240K, used 138234K [0x00000000eab00000, 0x00000000f3700000, 0x0000000100000000)
  eden space 133120K, 100% used [0x00000000eab00000,0x00000000f2d00000,0x00000000f2d00000)
  from space 5120K, 99% used [0x00000000f3200000,0x00000000f36fea18,0x00000000f3700000)
  to   space 5120K, 0% used [0x00000000f2d00000,0x00000000f2d00000,0x00000000f3200000)
 ParOldGen       total 87552K, used 25240K [0x00000000c0000000, 0x00000000c5580000, 0x00000000eab00000)
  object space 87552K, 28% used [0x00000000c0000000,0x00000000c18a6278,0x00000000c5580000)
 Metaspace       used 6689K, capacity 7448K, committed 7680K, reserved 1056768K
  class space    used 635K, capacity 656K, committed 768K, reserved 1048576K
Event: 8.122 GC heap after
Heap after GC invocations=5 (full 0):
 PSYoungGen      total 138240K, used 5088K [0x00000000eab00000, 0x00000000f3700000, 0x0000000100000000)
  eden space 133120K, 0% used [0x00000000eab00000,0x00000000eab00000,0x00000000f2d00000)
  from space 5120K, 99% used [0x00000000f2d00000,0x00000000f31f8160,0x00000000f3200000)
  to   space 5120K, 0% used [0x00000000f3200000,0x00000000f3200000,0x00000000f3700000)
 ParOldGen       total 87552K, used 37542K [0x00000000c0000000, 0x00000000c5580000, 0x00000000eab00000)
  object space 87552K, 42% used [0x00000000c0000000,0x00000000c24a9b78,0x00000000c5580000)
 Metaspace       used 6689K, capacity 7448K, committed 7680K, reserved 1056768K
  class space    used 635K, capacity 656K, committed 768K, reserved 1048576K
}

Deoptimization events (10 events):
Event: 7.278 Thread 0x000000001ac65000 Uncommon trap: reason=bimorphic action=maybe_recompile pc=0x00000000031e48a0 method=java.util.HashMap.putVal(ILjava/lang/Object;Ljava/lang/Object;ZZ)Ljava/lang/Object; @ 203
Event: 7.818 Thread 0x000000001ac65000 Uncommon trap: reason=speculate_class_check action=maybe_recompile pc=0x0000000002c926a8 method=com.android.dx.util.FixedSizeList.equals(Ljava/lang/Object;)Z @ 25
Event: 7.818 Thread 0x000000001ac65000 Uncommon trap: reason=unstable_if action=reinterpret pc=0x0000000002c8bc60 method=java.util.Arrays.equals([Ljava/lang/Object;[Ljava/lang/Object;)Z @ 23
Event: 7.852 Thread 0x000000001ac65000 Uncommon trap: reason=speculate_class_check action=maybe_recompile pc=0x0000000002c926a8 method=com.android.dx.util.FixedSizeList.equals(Ljava/lang/Object;)Z @ 25
Event: 7.852 Thread 0x000000001ac65000 Uncommon trap: reason=speculate_class_check action=maybe_recompile pc=0x0000000002c926a8 method=com.android.dx.util.FixedSizeList.equals(Ljava/lang/Object;)Z @ 25
Event: 7.852 Thread 0x000000001ac65000 Uncommon trap: reason=speculate_class_check action=maybe_recompile pc=0x0000000002c926a8 method=com.android.dx.util.FixedSizeList.equals(Ljava/lang/Object;)Z @ 25
Event: 7.903 Thread 0x000000001ac65000 Uncommon trap: reason=unstable_if action=reinterpret pc=0x000000000305ba3c method=java.util.TreeMap.put(Ljava/lang/Object;Ljava/lang/Object;)Ljava/lang/Object; @ 163
Event: 7.913 Thread 0x000000001ac65000 Uncommon trap: reason=unstable_if action=reinterpret pc=0x000000000329add8 method=com.android.dx.rop.code.RegisterSpec.matchesVariable(Lcom/android/dx/rop/code/RegisterSpec;)Z @ 59
Event: 8.355 Thread 0x000000001ac65000 Uncommon trap: reason=unstable_if action=reinterpret pc=0x000000000326a220 method=java.util.ArrayList.<init>(I)V @ 5
Event: 8.434 Thread 0x000000001ac65000 Uncommon trap: reason=unstable_if action=reinterpret pc=0x0000000002b86a7c method=java.lang.Long.numberOfTrailingZeros(J)I @ 3

Internal exceptions (8 events):
Event: 0.096 Thread 0x00000000027f8000 Exception <a 'java/lang/NoSuchMethodError': Method sun.misc.Unsafe.defineClass(Ljava/lang/String;[BII)Ljava/lang/Class; name or signature does not match> (0x00000000eab07cc0) thrown at [D:\re\workspace\8-2-build-windows-amd64-cygwin\jdk8u92\6642\hotspot\srH|¢&í®¸?
Event: 0.096 Thread 0x00000000027f8000 Exception <a 'java/lang/NoSuchMethodError': Method sun.misc.Unsafe.prefetchRead(Ljava/lang/Object;J)V name or signature does not match> (0x00000000eab07fa8) thrown at [D:\re\workspace\8-2-build-windows-amd64-cygwin\jdk8u92\6642\hotspot\src\share\vm\prims\j»üÆ½¸
Event: 2.002 Thread 0x00000000027f8000 Implicit null exception at 0x0000000002c66cef to 0x0000000002c68561
Event: 2.095 Thread 0x0000000018240000 Implicit null exception at 0x0000000002c71f91 to 0x0000000002c73869
Event: 2.412 Thread 0x00000000027f8000 Implicit null exception at 0x0000000002c26362 to 0x0000000002c26452
Event: 3.734 Thread 0x000000001823a000 Exception <a 'java/lang/ArrayIndexOutOfBoundsException': 18> (0x00000000ed7cefd0) thrown at [D:\re\workspace\8-2-build-windows-amd64-cygwin\jdk8u92\6642\hotspot\src\share\vm\interpreter\interpreterRuntime.cpp, line 366]
Event: 3.735 Thread 0x000000001823a000 Exception <a 'java/lang/ArrayIndexOutOfBoundsException'> (0x00000000ed7d0b50) thrown at [D:\re\workspace\8-2-build-windows-amd64-cygwin\jdk8u92\6642\hotspot\src\share\vm\runtime\sharedRuntime.cpp, line 605]
Event: 3.736 Thread 0x000000001823a000 Exception <a 'java/lang/ArrayIndexOutOfBoundsException'> (0x00000000ed7d1e38) thrown at [D:\re\workspace\8-2-build-windows-amd64-cygwin\jdk8u92\6642\hotspot\src\share\vm\runtime\sharedRuntime.cpp, line 605]

Events (10 events):
Event: 8.426 Thread 0x000000001ac65000 DEOPT UNPACKING pc=0x000000000293787f sp=0x000000001bf2ea28 mode 0
Event: 8.433 loading class com/android/dex/EncodedValueCodec
Event: 8.433 loading class com/android/dex/EncodedValueCodec done
Event: 8.434 Thread 0x000000001ac65000 Uncommon trap: trap_request=0xffffff65 fr.pc=0x0000000002b86a7c
Event: 8.434 Thread 0x000000001ac65000 DEOPT PACKING pc=0x0000000002b86a7c sp=0x000000001bf2edf0
Event: 8.434 Thread 0x000000001ac65000 DEOPT UNPACKING pc=0x000000000293582a sp=0x000000001bf2ed80 mode 2
Event: 8.449 loading class com/android/dx/dex/file/MapItem
Event: 8.449 loading class com/android/dx/dex/file/MapItem done
Event: 8.458 loading class com/android/dex/DexFormat
Event: 8.458 loading class com/android/dex/DexFormat done


Dynamic libraries:
0x00007ff612a10000 - 0x00007ff612a47000 	C:\Program Files\Java\jdk1.8.0_92\bin\java.exe
0x00007ffee4570000 - 0x00007ffee4741000 	C:\WINDOWS\SYSTEM32\ntdll.dll
0x00007ffee25e0000 - 0x00007ffee268b000 	C:\WINDOWS\System32\KERNEL32.DLL
0x00007ffee0c10000 - 0x00007ffee0e2d000 	C:\WINDOWS\System32\KERNELBASE.dll
0x0000000071c80000 - 0x0000000071d2e000 	C:\Program Files\Bitdefender\Bitdefender 2016\Active Virus Control\Avc3_00369_042\avcuf64.dll
0x00007ffedef60000 - 0x00007ffedefda000 	C:\WINDOWS\system32\apphelp.dll
0x00007ffebdcf0000 - 0x00007ffebe172000 	C:\WINDOWS\AppPatch\AppPatch64\AcLayers.DLL
0x00007ffee4420000 - 0x00007ffee44be000 	C:\WINDOWS\System32\msvcrt.dll
0x00007ffee2260000 - 0x00007ffee23c5000 	C:\WINDOWS\System32\USER32.dll
0x00007ffee1a10000 - 0x00007ffee1a2e000 	C:\WINDOWS\System32\win32u.dll
0x00007ffee2220000 - 0x00007ffee2254000 	C:\WINDOWS\System32\GDI32.dll
0x00007ffee0fd0000 - 0x00007ffee1152000 	C:\WINDOWS\System32\gdi32full.dll
0x00007ffee21b0000 - 0x00007ffee2202000 	C:\WINDOWS\System32\SHLWAPI.dll
0x00007ffee3c70000 - 0x00007ffee3f37000 	C:\WINDOWS\System32\combase.dll
0x00007ffee0e30000 - 0x00007ffee0f25000 	C:\WINDOWS\System32\ucrtbase.dll
0x00007ffee42f0000 - 0x00007ffee4411000 	C:\WINDOWS\System32\RPCRT4.dll
0x00007ffee0af0000 - 0x00007ffee0b5a000 	C:\WINDOWS\System32\bcryptPrimitives.dll
0x0000000000870000 - 0x0000000000873000 	C:\WINDOWS\SYSTEM32\sfc.dll
0x00007ffedafc0000 - 0x00007ffedb045000 	C:\WINDOWS\SYSTEM32\WINSPOOL.DRV
0x00007ffee08f0000 - 0x00007ffee091b000 	C:\WINDOWS\SYSTEM32\bcrypt.dll
0x00007ffecee00000 - 0x00007ffecee11000 	C:\WINDOWS\SYSTEM32\sfc_os.DLL
0x00007ffed69a0000 - 0x00007ffed69b1000 	C:\WINDOWS\SYSTEM32\SortWindows61.dll
0x00007ffee2180000 - 0x00007ffee21ae000 	C:\WINDOWS\System32\IMM32.DLL
0x00007ffee4240000 - 0x00007ffee42e2000 	C:\WINDOWS\System32\ADVAPI32.dll
0x00007ffee26f0000 - 0x00007ffee2749000 	C:\WINDOWS\System32\sechost.dll
0x00007ffedbbc0000 - 0x00007ffedbe39000 	C:\WINDOWS\WinSxS\amd64_microsoft.windows.common-controls_6595b64144ccf1df_6.0.14393.0_none_2d0f50fcbdb171b8\COMCTL32.dll
0x00000000024e0000 - 0x00000000025b2000 	C:\Program Files\Java\jdk1.8.0_92\jre\bin\msvcr100.dll
0x0000000070630000 - 0x0000000070ec6000 	C:\Program Files\Java\jdk1.8.0_92\jre\bin\server\jvm.dll
0x00007ffee2750000 - 0x00007ffee2758000 	C:\WINDOWS\System32\PSAPI.DLL
0x00007ffed48b0000 - 0x00007ffed48b9000 	C:\WINDOWS\SYSTEM32\WSOCK32.dll
0x00007ffee44e0000 - 0x00007ffee454a000 	C:\WINDOWS\System32\WS2_32.dll
0x00007ffede960000 - 0x00007ffede983000 	C:\WINDOWS\SYSTEM32\WINMM.dll
0x00007ffeddcc0000 - 0x00007ffeddcca000 	C:\WINDOWS\SYSTEM32\VERSION.dll
0x00007ffede6a0000 - 0x00007ffede6cb000 	C:\WINDOWS\SYSTEM32\WINMMBASE.dll
0x00007ffee1a90000 - 0x00007ffee1ad2000 	C:\WINDOWS\System32\cfgmgr32.dll
0x00000000025c0000 - 0x00000000025cf000 	C:\Program Files\Java\jdk1.8.0_92\jre\bin\verify.dll
0x0000000002620000 - 0x0000000002649000 	C:\Program Files\Java\jdk1.8.0_92\jre\bin\java.dll
0x0000000002680000 - 0x0000000002696000 	C:\Program Files\Java\jdk1.8.0_92\jre\bin\zip.dll
0x00007ffee2760000 - 0x00007ffee3c68000 	C:\WINDOWS\System32\SHELL32.dll
0x00007ffee1330000 - 0x00007ffee1a0a000 	C:\WINDOWS\System32\windows.storage.dll
0x00007ffee09f0000 - 0x00007ffee0a3c000 	C:\WINDOWS\System32\powrprof.dll
0x00007ffee09d0000 - 0x00007ffee09df000 	C:\WINDOWS\System32\kernel.appcore.dll
0x00007ffee0b60000 - 0x00007ffee0c09000 	C:\WINDOWS\System32\shcore.dll
0x00007ffee09b0000 - 0x00007ffee09c4000 	C:\WINDOWS\System32\profapi.dll

VM Arguments:
jvm_args: -Djava.awt.headless=true -Xmx1024M -Dfile.encoding=windows-1252 -Duser.country=US -Duser.language=en -Duser.variant 
java_command: com.android.dx.command.Main --dex --force-jumbo --num-threads=4 --multi-dex --output C:\Users\kikkos\AndroidStudioProjects\Udacity\StockHawk\app\build\intermediates\transforms\dex\debug\folders\1000\10\com.android.support-appcompat-v7-23.2.1_9d93d4e5de396104dac8b5c95c13e54ec3c9baca C:\Users\kikkos\AndroidStudioProjects\Udacity\StockHawk\app\build\intermediates\exploded-aar\com.android.support\appcompat-v7\23.2.1\jars\classes.jar
java_class_path (initial): C:\Users\kikkos\AppData\Local\Android\sdk\build-tools\23.0.1\lib\dx.jar
Launcher Type: SUN_STANDARD

Environment Variables:
JAVA_HOME=C:\Program Files\Java\jdk1.8.0_92
PATH=C:\Program Files (x86)\Intel\iCLS Client\;C:\Program Files\Intel\iCLS Client\;C:\ProgramData\Oracle\Java\javapath;C:\Program Files\ImageMagick-6.8.9-Q16;C:\WINDOWS\system32;C:\WINDOWS;C:\WINDOWS\System32\Wbem;C:\Program Files\Lenovo\Bluetooth Software\;C:\Program Files\Lenovo\Bluetooth Software\syswow64;C:\Program Files\Intel\WiFi\bin\;C:\Program Files\Common Files\Intel\WirelessCommon\;C:\Program Files\Microsoft\Web Platform Installer\;C:\WINDOWS\System32\WindowsPowerShell\v1.0\;C:\Program Files\Microsoft SQL Server\110\Tools\Binn\;C:\Program Files\Sublime Text 2;C:\Program Files (x86)\Heroku\bin;C:\Program Files\Intel\Intel(R) Management Engine Components\DAL;C:\Program Files\Intel\Intel(R) Management Engine Components\IPT;C:\Program Files (x86)\Intel\Intel(R) Management Engine Components\DAL;C:\Program Files (x86)\Intel\Intel(R) Management Engine Components\IPT;C:\Program Files (x86)\NVIDIA Corporation\PhysX\Common;C:\WINDOWS\system32;C:\WINDOWS;C:\WINDOWS\System32\Wbem;C:\WINDOWS\System32\WindowsPowerShell\v1.0\;C:\Program Files (x86)\Skype\Phone\;C:\Ruby23-x64\bin;C:\Program Files (x86)\MySQL\MySQL Fabric 1.5 & MySQL Utilities 1.5\;C:\Program Files (x86)\MySQL\MySQL Fabric 1.5 & MySQL Utilities 1.5\Doctrine extensions for PHP\;C:\Program Files\MySQL\MySQL Server 5.7\bin;C:\RailsInstaller\Ruby2.2.0\bin;C:\Users\kikkos\AppData\Local\GitHub\PortableGit_d76a6a98c9315931ec4927243517bc09e9b731a0\cmd;C:\Ruby22-x64\bin;C:\Program Files (x86)\Heroku\ruby-1.9.3\bin;C:\Program Files\Intel\WiFi\bin\;C:\Program Files\Common Files\Intel\WirelessCommon\;C:\Program Files\MongoDB\Server\3.2\bin;C:\sqlite;C:\Users\kikkos\AppData\Local\Microsoft\WindowsApps;C:\Program Files\Java\jdk1.8.0_92\bin
USERNAME=kikkos
OS=Windows_NT
PROCESSOR_IDENTIFIER=Intel64 Family 6 Model 42 Stepping 7, GenuineIntel



---------------  S Y S T E M  ---------------

OS: Windows 10.0 , 64 bit Build 14393 (10.0.14393.0)

CPU:total 8 (4 cores per cpu, 2 threads per core) family 6 model 42 stepping 7, cmov, cx8, fxsr, mmx, sse, sse2, sse3, ssse3, sse4.1, sse4.2, popcnt, avx, aes, clmul, ht, tsc, tscinvbit

Memory: 4k page, physical 8300684k(2405728k free), swap 8505484k(12200k free)

vm_info: Java HotSpot(TM) 64-Bit Server VM (25.92-b14) for windows-amd64 JRE (1.8.0_92-b14), built on Mar 31 2016 21:03:04 by "java_re" with MS VC++ 10.0 (VS2010)

time: Wed Oct 26 20:56:27 2016
elapsed time: 8 seconds (0d 0h 0m 8s)

