#
# There is insufficient memory for the Java Runtime Environment to continue.
# Native memory allocation (malloc) failed to allocate 712816 bytes for Chunk::new
# Possible reasons:
#   The system is out of physical RAM or swap space
#   In 32 bit mode, the process size limit was hit
# Possible solutions:
#   Reduce memory load on the system
#   Increase physical memory or swap space
#   Check if swap backing store is full
#   Use 64 bit Java on a 64 bit OS
#   Decrease Java heap size (-Xmx/-Xms)
#   Decrease number of Java threads
#   Decrease Java thread stack sizes (-Xss)
#   Set larger code cache with -XX:ReservedCodeCacheSize=
# This output file may be truncated or incomplete.
#
#  Out of Memory Error (allocation.cpp:390), pid=10936, tid=0x0000000000000484
#
# JRE version: Java(TM) SE Runtime Environment (8.0_92-b14) (build 1.8.0_92-b14)
# Java VM: Java HotSpot(TM) 64-Bit Server VM (25.92-b14 mixed mode windows-amd64 compressed oops)
# Failed to write core dump. Minidumps are not enabled by default on client versions of Windows
#

---------------  T H R E A D  ---------------

Current thread (0x00000000170f3000):  JavaThread "C2 CompilerThread0" daemon [_thread_in_native, id=1156, stack(0x00000000183f0000,0x00000000184f0000)]

Stack: [0x00000000183f0000,0x00000000184f0000]
[error occurred during error reporting (printing stack bounds), id 0xc0000005]

Native frames: (J=compiled Java code, j=interpreted, Vv=VM code, C=native code)


Current CompileTask:
C2:   8842 2313       4       com.android.dx.ssa.ConstCollector::getConstsSortedByCountUse (386 bytes)


---------------  P R O C E S S  ---------------

Java Threads: ( => current thread )
  0x0000000018bd7000 JavaThread "pool-2-thread-4" [_thread_in_Java, id=11452, stack(0x00000000196f0000,0x00000000197f0000)]
  0x0000000018bb1800 JavaThread "pool-2-thread-3" [_thread_blocked, id=14084, stack(0x00000000195f0000,0x00000000196f0000)]
  0x0000000018b7a000 JavaThread "pool-2-thread-2" [_thread_blocked, id=3868, stack(0x00000000194f0000,0x00000000195f0000)]
  0x0000000018b75000 JavaThread "pool-3-thread-1" [_thread_blocked, id=3288, stack(0x00000000193f0000,0x00000000194f0000)]
  0x0000000018b73800 JavaThread "pool-2-thread-1" [_thread_in_Java, id=2996, stack(0x00000000192f0000,0x00000000193f0000)]
  0x0000000017160800 JavaThread "Service Thread" daemon [_thread_blocked, id=15212, stack(0x00000000187f0000,0x00000000188f0000)]
  0x000000001715c800 JavaThread "C1 CompilerThread3" daemon [_thread_blocked, id=12948, stack(0x00000000186f0000,0x00000000187f0000)]
  0x0000000017158800 JavaThread "C2 CompilerThread2" daemon [_thread_in_native, id=14660, stack(0x00000000185f0000,0x00000000186f0000)]
  0x0000000017153800 JavaThread "C2 CompilerThread1" daemon [_thread_in_native, id=11288, stack(0x00000000184f0000,0x00000000185f0000)]
=>0x00000000170f3000 JavaThread "C2 CompilerThread0" daemon [_thread_in_native, id=1156, stack(0x00000000183f0000,0x00000000184f0000)]
  0x00000000170f1800 JavaThread "Attach Listener" daemon [_thread_blocked, id=6816, stack(0x00000000182f0000,0x00000000183f0000)]
  0x00000000170f1000 JavaThread "Signal Dispatcher" daemon [_thread_blocked, id=11752, stack(0x00000000181f0000,0x00000000182f0000)]
  0x00000000170a8000 JavaThread "Finalizer" daemon [_thread_blocked, id=13284, stack(0x0000000018000000,0x0000000018100000)]
  0x0000000017076000 JavaThread "Reference Handler" daemon [_thread_blocked, id=8072, stack(0x0000000017f00000,0x0000000018000000)]
  0x00000000030e7800 JavaThread "main" [_thread_in_Java, id=7396, stack(0x0000000002f00000,0x0000000003000000)]

Other Threads:
  0x0000000015cff800 VMThread [stack: 0x0000000017e00000,0x0000000017f00000] [id=9764]
  0x000000001716b800 WatcherThread [stack: 0x00000000188f0000,0x00000000189f0000] [id=2400]

VM state:not at safepoint (normal execution)

VM Mutex/Monitor currently owned by a thread: None

Heap:
 PSYoungGen      total 138240K, used 136062K [0x00000000eab00000, 0x00000000fe500000, 0x0000000100000000)
  eden space 133120K, 98% used [0x00000000eab00000,0x00000000f2ae4c18,0x00000000f2d00000)
  from space 5120K, 99% used [0x00000000f2d00000,0x00000000f31fafc0,0x00000000f3200000)
  to   space 27648K, 0% used [0x00000000fca00000,0x00000000fca00000,0x00000000fe500000)
 ParOldGen       total 87552K, used 47289K [0x00000000c0000000, 0x00000000c5580000, 0x00000000eab00000)
  object space 87552K, 54% used [0x00000000c0000000,0x00000000c2e2e6b0,0x00000000c5580000)
 Metaspace       used 6450K, capacity 7256K, committed 7424K, reserved 1056768K
  class space    used 617K, capacity 656K, committed 768K, reserved 1048576K

Card table byte_map: [0x00000000125a0000,0x00000000127b0000] byte_map_base: 0x0000000011fa0000

Marking Bits: (ParMarkBitMap*) 0x0000000070e464f0
 Begin Bits: [0x0000000013110000, 0x0000000014110000)
 End Bits:   [0x0000000014110000, 0x0000000015110000)

Polling page: 0x0000000001330000

CodeCache: size=245760Kb used=10283Kb max_used=10299Kb free=235476Kb
 bounds [0x00000000031e0000, 0x0000000003c00000, 0x00000000121e0000]
 total_blobs=2434 nmethods=2164 adapters=182
 compilation: enabled

Compilation events (10 events):
Event: 8.597 Thread 0x000000001715c800 2317       3       com.android.dx.ssa.back.FirstFitLocalCombiningAllocator$1::visitNonMoveInsn (6 bytes)
Event: 8.597 Thread 0x00000000170f3000 nmethod 2309 0x0000000003bb0850 code [0x0000000003bb09c0, 0x0000000003bb0de8]
Event: 8.597 Thread 0x00000000170f3000 2313       4       com.android.dx.ssa.ConstCollector::getConstsSortedByCountUse (386 bytes)
Event: 8.597 Thread 0x000000001715c800 nmethod 2317 0x0000000003bae450 code [0x0000000003bae5c0, 0x0000000003bae748]
Event: 8.597 Thread 0x000000001715c800 2315       3       java.util.Arrays::sort (19 bytes)
Event: 8.598 Thread 0x000000001715c800 nmethod 2315 0x0000000003bb0410 code [0x0000000003bb0580, 0x0000000003bb0758]
Event: 8.598 Thread 0x000000001715c800 2316       3       java.util.DualPivotQuicksort::sort (614 bytes)
Event: 8.600 Thread 0x000000001715c800 nmethod 2316 0x0000000003bd5190 code [0x0000000003bd5440, 0x0000000003bd6878]
Event: 8.650 Thread 0x0000000017158800 nmethod 2302 0x0000000003bf5c50 code [0x0000000003bf5e60, 0x0000000003bf7428]
Event: 8.650 Thread 0x0000000017158800 2314 %     4       com.android.dx.ssa.ConstCollector::updateConstUses @ 20 (248 bytes)

GC Heap History (10 events):
Event: 1.631 GC heap before
{Heap before GC invocations=1 (full 0):
 PSYoungGen      total 38400K, used 33280K [0x00000000eab00000, 0x00000000ed580000, 0x0000000100000000)
  eden space 33280K, 100% used [0x00000000eab00000,0x00000000ecb80000,0x00000000ecb80000)
  from space 5120K, 0% used [0x00000000ed080000,0x00000000ed080000,0x00000000ed580000)
  to   space 5120K, 0% used [0x00000000ecb80000,0x00000000ecb80000,0x00000000ed080000)
 ParOldGen       total 87552K, used 0K [0x00000000c0000000, 0x00000000c5580000, 0x00000000eab00000)
  object space 87552K, 0% used [0x00000000c0000000,0x00000000c0000000,0x00000000c5580000)
 Metaspace       used 5913K, capacity 6960K, committed 7040K, reserved 1056768K
  class space    used 589K, capacity 616K, committed 640K, reserved 1048576K
Event: 1.659 GC heap after
Heap after GC invocations=1 (full 0):
 PSYoungGen      total 38400K, used 5098K [0x00000000eab00000, 0x00000000ef600000, 0x0000000100000000)
  eden space 33280K, 0% used [0x00000000eab00000,0x00000000eab00000,0x00000000ecb80000)
  from space 5120K, 99% used [0x00000000ecb80000,0x00000000ed07aab8,0x00000000ed080000)
  to   space 5120K, 0% used [0x00000000ef100000,0x00000000ef100000,0x00000000ef600000)
 ParOldGen       total 87552K, used 1508K [0x00000000c0000000, 0x00000000c5580000, 0x00000000eab00000)
  object space 87552K, 1% used [0x00000000c0000000,0x00000000c0179100,0x00000000c5580000)
 Metaspace       used 5913K, capacity 6960K, committed 7040K, reserved 1056768K
  class space    used 589K, capacity 616K, committed 640K, reserved 1048576K
}
Event: 2.374 GC heap before
{Heap before GC invocations=2 (full 0):
 PSYoungGen      total 38400K, used 38378K [0x00000000eab00000, 0x00000000ef600000, 0x0000000100000000)
  eden space 33280K, 100% used [0x00000000eab00000,0x00000000ecb80000,0x00000000ecb80000)
  from space 5120K, 99% used [0x00000000ecb80000,0x00000000ed07aab8,0x00000000ed080000)
  to   space 5120K, 0% used [0x00000000ef100000,0x00000000ef100000,0x00000000ef600000)
 ParOldGen       total 87552K, used 1508K [0x00000000c0000000, 0x00000000c5580000, 0x00000000eab00000)
  object space 87552K, 1% used [0x00000000c0000000,0x00000000c0179100,0x00000000c5580000)
 Metaspace       used 6119K, capacity 7088K, committed 7296K, reserved 1056768K
  class space    used 596K, capacity 616K, committed 640K, reserved 1048576K
Event: 2.432 GC heap after
Heap after GC invocations=2 (full 0):
 PSYoungGen      total 71680K, used 5088K [0x00000000eab00000, 0x00000000ef600000, 0x0000000100000000)
  eden space 66560K, 0% used [0x00000000eab00000,0x00000000eab00000,0x00000000eec00000)
  from space 5120K, 99% used [0x00000000ef100000,0x00000000ef5f8300,0x00000000ef600000)
  to   space 5120K, 0% used [0x00000000eec00000,0x00000000eec00000,0x00000000ef100000)
 ParOldGen       total 87552K, used 6214K [0x00000000c0000000, 0x00000000c5580000, 0x00000000eab00000)
  object space 87552K, 7% used [0x00000000c0000000,0x00000000c06118b0,0x00000000c5580000)
 Metaspace       used 6119K, capacity 7088K, committed 7296K, reserved 1056768K
  class space    used 596K, capacity 616K, committed 640K, reserved 1048576K
}
Event: 3.584 GC heap before
{Heap before GC invocations=3 (full 0):
 PSYoungGen      total 71680K, used 71648K [0x00000000eab00000, 0x00000000ef600000, 0x0000000100000000)
  eden space 66560K, 100% used [0x00000000eab00000,0x00000000eec00000,0x00000000eec00000)
  from space 5120K, 99% used [0x00000000ef100000,0x00000000ef5f8300,0x00000000ef600000)
  to   space 5120K, 0% used [0x00000000eec00000,0x00000000eec00000,0x00000000ef100000)
 ParOldGen       total 87552K, used 6214K [0x00000000c0000000, 0x00000000c5580000, 0x00000000eab00000)
  object space 87552K, 7% used [0x00000000c0000000,0x00000000c06118b0,0x00000000c5580000)
 Metaspace       used 6301K, capacity 7192K, committed 7424K, reserved 1056768K
  class space    used 616K, capacity 656K, committed 768K, reserved 1048576K
Event: 3.648 GC heap after
Heap after GC invocations=3 (full 0):
 PSYoungGen      total 71680K, used 5092K [0x00000000eab00000, 0x00000000f3700000, 0x0000000100000000)
  eden space 66560K, 0% used [0x00000000eab00000,0x00000000eab00000,0x00000000eec00000)
  from space 5120K, 99% used [0x00000000eec00000,0x00000000ef0f90a0,0x00000000ef100000)
  to   space 5120K, 0% used [0x00000000f3200000,0x00000000f3200000,0x00000000f3700000)
 ParOldGen       total 87552K, used 15679K [0x00000000c0000000, 0x00000000c5580000, 0x00000000eab00000)
  object space 87552K, 17% used [0x00000000c0000000,0x00000000c0f4ffe8,0x00000000c5580000)
 Metaspace       used 6301K, capacity 7192K, committed 7424K, reserved 1056768K
  class space    used 616K, capacity 656K, committed 768K, reserved 1048576K
}
Event: 4.568 GC heap before
{Heap before GC invocations=4 (full 0):
 PSYoungGen      total 71680K, used 71652K [0x00000000eab00000, 0x00000000f3700000, 0x0000000100000000)
  eden space 66560K, 100% used [0x00000000eab00000,0x00000000eec00000,0x00000000eec00000)
  from space 5120K, 99% used [0x00000000eec00000,0x00000000ef0f90a0,0x00000000ef100000)
  to   space 5120K, 0% used [0x00000000f3200000,0x00000000f3200000,0x00000000f3700000)
 ParOldGen       total 87552K, used 15679K [0x00000000c0000000, 0x00000000c5580000, 0x00000000eab00000)
  object space 87552K, 17% used [0x00000000c0000000,0x00000000c0f4ffe8,0x00000000c5580000)
 Metaspace       used 6398K, capacity 7256K, committed 7424K, reserved 1056768K
  class space    used 616K, capacity 656K, committed 768K, reserved 1048576K
Event: 4.623 GC heap after
Heap after GC invocations=4 (full 0):
 PSYoungGen      total 138240K, used 5102K [0x00000000eab00000, 0x00000000f3700000, 0x0000000100000000)
  eden space 133120K, 0% used [0x00000000eab00000,0x00000000eab00000,0x00000000f2d00000)
  from space 5120K, 99% used [0x00000000f3200000,0x00000000f36fb8e0,0x00000000f3700000)
  to   space 5120K, 0% used [0x00000000f2d00000,0x00000000f2d00000,0x00000000f3200000)
 ParOldGen       total 87552K, used 25840K [0x00000000c0000000, 0x00000000c5580000, 0x00000000eab00000)
  object space 87552K, 29% used [0x00000000c0000000,0x00000000c193c188,0x00000000c5580000)
 Metaspace       used 6398K, capacity 7256K, committed 7424K, reserved 1056768K
  class space    used 616K, capacity 656K, committed 768K, reserved 1048576K
}
Event: 5.960 GC heap before
{Heap before GC invocations=5 (full 0):
 PSYoungGen      total 138240K, used 138222K [0x00000000eab00000, 0x00000000f3700000, 0x0000000100000000)
  eden space 133120K, 100% used [0x00000000eab00000,0x00000000f2d00000,0x00000000f2d00000)
  from space 5120K, 99% used [0x00000000f3200000,0x00000000f36fb8e0,0x00000000f3700000)
  to   space 5120K, 0% used [0x00000000f2d00000,0x00000000f2d00000,0x00000000f3200000)
 ParOldGen       total 87552K, used 25840K [0x00000000c0000000, 0x00000000c5580000, 0x00000000eab00000)
  object space 87552K, 29% used [0x00000000c0000000,0x00000000c193c188,0x00000000c5580000)
 Metaspace       used 6435K, capacity 7256K, committed 7424K, reserved 1056768K
  class space    used 616K, capacity 656K, committed 768K, reserved 1048576K
Event: 6.028 GC heap after
Heap after GC invocations=5 (full 0):
 PSYoungGen      total 138240K, used 5099K [0x00000000eab00000, 0x00000000fe500000, 0x0000000100000000)
  eden space 133120K, 0% used [0x00000000eab00000,0x00000000eab00000,0x00000000f2d00000)
  from space 5120K, 99% used [0x00000000f2d00000,0x00000000f31fafc0,0x00000000f3200000)
  to   space 27648K, 0% used [0x00000000fca00000,0x00000000fca00000,0x00000000fe500000)
 ParOldGen       total 87552K, used 47289K [0x00000000c0000000, 0x00000000c5580000, 0x00000000eab00000)
  object space 87552K, 54% used [0x00000000c0000000,0x00000000c2e2e6b0,0x00000000c5580000)
 Metaspace       used 6435K, capacity 7256K, committed 7424K, reserved 1056768K
  class space    used 616K, capacity 656K, committed 768K, reserved 1048576K
}

Deoptimization events (10 events):
Event: 5.670 Thread 0x0000000018b73800 Uncommon trap: reason=bimorphic action=maybe_recompile pc=0x0000000003850850 method=com.android.dx.rop.code.RegisterSpec.withSimpleType()Lcom/android/dx/rop/code/RegisterSpec; @ 21
Event: 5.796 Thread 0x0000000018b73800 Uncommon trap: reason=bimorphic action=maybe_recompile pc=0x0000000003850850 method=com.android.dx.rop.code.RegisterSpec.withSimpleType()Lcom/android/dx/rop/code/RegisterSpec; @ 21
Event: 6.609 Thread 0x0000000018bd7000 Uncommon trap: reason=class_check action=maybe_recompile pc=0x000000000397e340 method=com.android.dx.cf.code.RopperMachine.run(Lcom/android/dx/cf/code/Frame;II)V @ 1024
Event: 6.609 Thread 0x0000000018bd7000 Uncommon trap: reason=class_check action=maybe_recompile pc=0x000000000397e340 method=com.android.dx.cf.code.RopperMachine.run(Lcom/android/dx/cf/code/Frame;II)V @ 1024
Event: 6.610 Thread 0x0000000018bd7000 Uncommon trap: reason=class_check action=maybe_recompile pc=0x000000000397e340 method=com.android.dx.cf.code.RopperMachine.run(Lcom/android/dx/cf/code/Frame;II)V @ 1024
Event: 6.634 Thread 0x0000000018bd7000 Uncommon trap: reason=unstable_if action=reinterpret pc=0x0000000003826ce0 method=com.android.dx.ssa.SCCP.simulateBranch(Lcom/android/dx/ssa/SsaInsn;)V @ 548
Event: 6.634 Thread 0x0000000018bd7000 Uncommon trap: reason=unstable_if action=reinterpret pc=0x000000000381697c method=com.android.dx.ssa.SCCP.simulateStmt(Lcom/android/dx/ssa/SsaInsn;)V @ 435
Event: 6.640 Thread 0x0000000018bd7000 Uncommon trap: reason=unstable_if action=reinterpret pc=0x0000000003aa4134 method=com.android.dx.ssa.SCCP.replaceBranches()V @ 14
Event: 7.886 Thread 0x0000000018b7a000 Uncommon trap: reason=unstable_if action=reinterpret pc=0x0000000003a86cd4 method=com.android.dx.dex.code.RopTranslator.pickOrder()V @ 279
Event: 8.457 Thread 0x0000000018bb1800 Uncommon trap: reason=unstable_if action=reinterpret pc=0x00000000037cd710 method=com.android.dx.rop.code.LocalItem.compareHandlesNulls(Lcom/android/dx/rop/cst/CstString;Lcom/android/dx/rop/cst/CstString;)I @ 14

Internal exceptions (9 events):
Event: 0.212 Thread 0x00000000030e7800 Exception <a 'java/lang/NoSuchMethodError': Method sun.misc.Unsafe.defineClass(Ljava/lang/String;[BII)Ljava/lang/Class; name or signature does not match> (0x00000000eab07cc0) thrown at [D:\re\workspace\8-2-build-windows-amd64-cygwin\jdk8u92\6642\hotspot\srÆWƒ¶Y5Ë?
Event: 0.213 Thread 0x00000000030e7800 Exception <a 'java/lang/NoSuchMethodError': Method sun.misc.Unsafe.prefetchRead(Ljava/lang/Object;J)V name or signature does not match> (0x00000000eab07fa8) thrown at [D:\re\workspace\8-2-build-windows-amd64-cygwin\jdk8u92\6642\hotspot\src\share\vm\prims\j-oî[§ó?
Event: 1.228 Thread 0x0000000018b7a000 Implicit null exception at 0x00000000034aa754 to 0x00000000034abc05
Event: 1.231 Thread 0x0000000018b7a000 Implicit null exception at 0x000000000349f151 to 0x00000000034a0341
Event: 2.823 Thread 0x0000000018bd7000 Exception <a 'java/lang/ArrayIndexOutOfBoundsException': 18> (0x00000000eaf90520) thrown at [D:\re\workspace\8-2-build-windows-amd64-cygwin\jdk8u92\6642\hotspot\src\share\vm\interpreter\interpreterRuntime.cpp, line 366]
Event: 2.824 Thread 0x0000000018bd7000 Exception <a 'java/lang/ArrayIndexOutOfBoundsException'> (0x00000000eaf920a0) thrown at [D:\re\workspace\8-2-build-windows-amd64-cygwin\jdk8u92\6642\hotspot\src\share\vm\runtime\sharedRuntime.cpp, line 605]
Event: 2.826 Thread 0x0000000018bd7000 Exception <a 'java/lang/ArrayIndexOutOfBoundsException'> (0x00000000eaf93388) thrown at [D:\re\workspace\8-2-build-windows-amd64-cygwin\jdk8u92\6642\hotspot\src\share\vm\runtime\sharedRuntime.cpp, line 605]
Event: 3.300 Thread 0x0000000018bd7000 Implicit null exception at 0x000000000366d722 to 0x000000000366d812
Event: 8.457 Thread 0x0000000018bb1800 Implicit null exception at 0x00000000037cc51d to 0x00000000037cd6d5

Events (10 events):
Event: 7.886 Thread 0x0000000018b7a000 DEOPT UNPACKING pc=0x000000000322582a sp=0x00000000195ee8d8 mode 2
Event: 8.435 loading class com/android/dx/rop/code/RegisterSpec$1
Event: 8.435 loading class com/android/dx/rop/code/RegisterSpec$1 done
Event: 8.442 Thread 0x0000000018b73800 DEOPT PACKING pc=0x0000000003756c19 sp=0x00000000193ee8e0
Event: 8.442 Thread 0x0000000018b73800 DEOPT UNPACKING pc=0x000000000322787f sp=0x00000000193ee628 mode 0
Event: 8.447 Thread 0x0000000018bd7000 DEOPT PACKING pc=0x00000000036e1d7c sp=0x00000000197eec90
Event: 8.447 Thread 0x0000000018bd7000 DEOPT UNPACKING pc=0x000000000322787f sp=0x00000000197eea20 mode 0
Event: 8.457 Thread 0x0000000018bb1800 Uncommon trap: trap_request=0xffffff65 fr.pc=0x00000000037cd710
Event: 8.458 Thread 0x0000000018bb1800 DEOPT PACKING pc=0x00000000037cd710 sp=0x00000000196ee9a0
Event: 8.458 Thread 0x0000000018bb1800 DEOPT UNPACKING pc=0x000000000322582a sp=0x00000000196ee728 mode 2


Dynamic libraries:
0x00007ff612a10000 - 0x00007ff612a47000 	C:\Program Files\Java\jdk1.8.0_92\bin\java.exe
0x00007ffee4570000 - 0x00007ffee4741000 	C:\WINDOWS\SYSTEM32\ntdll.dll
0x00007ffee25e0000 - 0x00007ffee268b000 	C:\WINDOWS\System32\KERNEL32.DLL
0x00007ffee0c10000 - 0x00007ffee0e2d000 	C:\WINDOWS\System32\KERNELBASE.dll
0x0000000071c80000 - 0x0000000071d2e000 	C:\Program Files\Bitdefender\Bitdefender 2016\Active Virus Control\Avc3_00369_042\avcuf64.dll
0x00007ffedef60000 - 0x00007ffedefda000 	C:\WINDOWS\system32\apphelp.dll
0x00007ffebdcf0000 - 0x00007ffebe172000 	C:\WINDOWS\AppPatch\AppPatch64\AcLayers.DLL
0x00007ffee4420000 - 0x00007ffee44be000 	C:\WINDOWS\System32\msvcrt.dll
0x00007ffee2260000 - 0x00007ffee23c5000 	C:\WINDOWS\System32\USER32.dll
0x00007ffee1a10000 - 0x00007ffee1a2e000 	C:\WINDOWS\System32\win32u.dll
0x00007ffee2220000 - 0x00007ffee2254000 	C:\WINDOWS\System32\GDI32.dll
0x00007ffee0fd0000 - 0x00007ffee1152000 	C:\WINDOWS\System32\gdi32full.dll
0x00007ffee21b0000 - 0x00007ffee2202000 	C:\WINDOWS\System32\SHLWAPI.dll
0x00007ffee3c70000 - 0x00007ffee3f37000 	C:\WINDOWS\System32\combase.dll
0x00007ffee0e30000 - 0x00007ffee0f25000 	C:\WINDOWS\System32\ucrtbase.dll
0x00007ffee42f0000 - 0x00007ffee4411000 	C:\WINDOWS\System32\RPCRT4.dll
0x00007ffee0af0000 - 0x00007ffee0b5a000 	C:\WINDOWS\System32\bcryptPrimitives.dll
0x00000000011c0000 - 0x00000000011c3000 	C:\WINDOWS\SYSTEM32\sfc.dll
0x00007ffedafc0000 - 0x00007ffedb045000 	C:\WINDOWS\SYSTEM32\WINSPOOL.DRV
0x00007ffee08f0000 - 0x00007ffee091b000 	C:\WINDOWS\SYSTEM32\bcrypt.dll
0x00007ffecee00000 - 0x00007ffecee11000 	C:\WINDOWS\SYSTEM32\sfc_os.DLL
0x00007ffed69a0000 - 0x00007ffed69b1000 	C:\WINDOWS\SYSTEM32\SortWindows61.dll
0x00007ffee2180000 - 0x00007ffee21ae000 	C:\WINDOWS\System32\IMM32.DLL
0x00007ffee4240000 - 0x00007ffee42e2000 	C:\WINDOWS\System32\ADVAPI32.dll
0x00007ffee26f0000 - 0x00007ffee2749000 	C:\WINDOWS\System32\sechost.dll
0x00007ffedbbc0000 - 0x00007ffedbe39000 	C:\WINDOWS\WinSxS\amd64_microsoft.windows.common-controls_6595b64144ccf1df_6.0.14393.0_none_2d0f50fcbdb171b8\COMCTL32.dll
0x0000000002d80000 - 0x0000000002e52000 	C:\Program Files\Java\jdk1.8.0_92\jre\bin\msvcr100.dll
0x0000000070630000 - 0x0000000070ec6000 	C:\Program Files\Java\jdk1.8.0_92\jre\bin\server\jvm.dll
0x00007ffee2750000 - 0x00007ffee2758000 	C:\WINDOWS\System32\PSAPI.DLL
0x00007ffed48b0000 - 0x00007ffed48b9000 	C:\WINDOWS\SYSTEM32\WSOCK32.dll
0x00007ffee44e0000 - 0x00007ffee454a000 	C:\WINDOWS\System32\WS2_32.dll
0x00007ffede960000 - 0x00007ffede983000 	C:\WINDOWS\SYSTEM32\WINMM.dll
0x00007ffeddcc0000 - 0x00007ffeddcca000 	C:\WINDOWS\SYSTEM32\VERSION.dll
0x00007ffede6a0000 - 0x00007ffede6cb000 	C:\WINDOWS\SYSTEM32\WINMMBASE.dll
0x00007ffee1a90000 - 0x00007ffee1ad2000 	C:\WINDOWS\System32\cfgmgr32.dll
0x00000000012f0000 - 0x00000000012ff000 	C:\Program Files\Java\jdk1.8.0_92\jre\bin\verify.dll
0x0000000001300000 - 0x0000000001329000 	C:\Program Files\Java\jdk1.8.0_92\jre\bin\java.dll
0x0000000001360000 - 0x0000000001376000 	C:\Program Files\Java\jdk1.8.0_92\jre\bin\zip.dll
0x00007ffee2760000 - 0x00007ffee3c68000 	C:\WINDOWS\System32\SHELL32.dll
0x00007ffee1330000 - 0x00007ffee1a0a000 	C:\WINDOWS\System32\windows.storage.dll
0x00007ffee09f0000 - 0x00007ffee0a3c000 	C:\WINDOWS\System32\powrprof.dll
0x00007ffee09d0000 - 0x00007ffee09df000 	C:\WINDOWS\System32\kernel.appcore.dll
0x00007ffee0b60000 - 0x00007ffee0c09000 	C:\WINDOWS\System32\shcore.dll
0x00007ffee09b0000 - 0x00007ffee09c4000 	C:\WINDOWS\System32\profapi.dll

VM Arguments:
jvm_args: -Djava.awt.headless=true -Xmx1024M -Dfile.encoding=windows-1252 -Duser.country=US -Duser.language=en -Duser.variant 
java_command: com.android.dx.command.Main --dex --force-jumbo --num-threads=4 --multi-dex --output C:\Users\kikkos\AndroidStudioProjects\Udacity\StockHawk\app\build\intermediates\transforms\dex\debug\folders\1000\10\com.android.support-support-v4-23.2.1_fdc3289b3c6233c8c371e69653951d73156db61c C:\Users\kikkos\AndroidStudioProjects\Udacity\StockHawk\app\build\intermediates\exploded-aar\com.android.support\support-v4\23.2.1\jars\classes.jar
java_class_path (initial): C:\Users\kikkos\AppData\Local\Android\sdk\build-tools\23.0.1\lib\dx.jar
Launcher Type: SUN_STANDARD

Environment Variables:
JAVA_HOME=C:\Program Files\Java\jdk1.8.0_92
PATH=C:\Program Files (x86)\Intel\iCLS Client\;C:\Program Files\Intel\iCLS Client\;C:\ProgramData\Oracle\Java\javapath;C:\Program Files\ImageMagick-6.8.9-Q16;C:\WINDOWS\system32;C:\WINDOWS;C:\WINDOWS\System32\Wbem;C:\Program Files\Lenovo\Bluetooth Software\;C:\Program Files\Lenovo\Bluetooth Software\syswow64;C:\Program Files\Intel\WiFi\bin\;C:\Program Files\Common Files\Intel\WirelessCommon\;C:\Program Files\Microsoft\Web Platform Installer\;C:\WINDOWS\System32\WindowsPowerShell\v1.0\;C:\Program Files\Microsoft SQL Server\110\Tools\Binn\;C:\Program Files\Sublime Text 2;C:\Program Files (x86)\Heroku\bin;C:\Program Files\Intel\Intel(R) Management Engine Components\DAL;C:\Program Files\Intel\Intel(R) Management Engine Components\IPT;C:\Program Files (x86)\Intel\Intel(R) Management Engine Components\DAL;C:\Program Files (x86)\Intel\Intel(R) Management Engine Components\IPT;C:\Program Files (x86)\NVIDIA Corporation\PhysX\Common;C:\WINDOWS\system32;C:\WINDOWS;C:\WINDOWS\System32\Wbem;C:\WINDOWS\System32\WindowsPowerShell\v1.0\;C:\Program Files (x86)\Skype\Phone\;C:\Ruby23-x64\bin;C:\Program Files (x86)\MySQL\MySQL Fabric 1.5 & MySQL Utilities 1.5\;C:\Program Files (x86)\MySQL\MySQL Fabric 1.5 & MySQL Utilities 1.5\Doctrine extensions for PHP\;C:\Program Files\MySQL\MySQL Server 5.7\bin;C:\RailsInstaller\Ruby2.2.0\bin;C:\Users\kikkos\AppData\Local\GitHub\PortableGit_d76a6a98c9315931ec4927243517bc09e9b731a0\cmd;C:\Ruby22-x64\bin;C:\Program Files (x86)\Heroku\ruby-1.9.3\bin;C:\Program Files\Intel\WiFi\bin\;C:\Program Files\Common Files\Intel\WirelessCommon\;C:\Program Files\MongoDB\Server\3.2\bin;C:\sqlite;C:\Users\kikkos\AppData\Local\Microsoft\WindowsApps;C:\Program Files\Java\jdk1.8.0_92\bin
USERNAME=kikkos
OS=Windows_NT
PROCESSOR_IDENTIFIER=Intel64 Family 6 Model 42 Stepping 7, GenuineIntel



---------------  S Y S T E M  ---------------

OS: Windows 10.0 , 64 bit Build 14393 (10.0.14393.0)

CPU:total 8 (4 cores per cpu, 2 threads per core) family 6 model 42 stepping 7, cmov, cx8, fxsr, mmx, sse, sse2, sse3, ssse3, sse4.1, sse4.2, popcnt, avx, aes, clmul, ht, tsc, tscinvbit

Memory: 4k page, physical 8300684k(2399784k free), swap 8505484k(5300k free)

vm_info: Java HotSpot(TM) 64-Bit Server VM (25.92-b14) for windows-amd64 JRE (1.8.0_92-b14), built on Mar 31 2016 21:03:04 by "java_re" with MS VC++ 10.0 (VS2010)

time: Wed Oct 26 20:56:27 2016
elapsed time: 8 seconds (0d 0h 0m 8s)

