#
# There is insufficient memory for the Java Runtime Environment to continue.
# Native memory allocation (malloc) failed to allocate 656896 bytes for Chunk::new
# Possible reasons:
#   The system is out of physical RAM or swap space
#   In 32 bit mode, the process size limit was hit
# Possible solutions:
#   Reduce memory load on the system
#   Increase physical memory or swap space
#   Check if swap backing store is full
#   Use 64 bit Java on a 64 bit OS
#   Decrease Java heap size (-Xmx/-Xms)
#   Decrease number of Java threads
#   Decrease Java thread stack sizes (-Xss)
#   Set larger code cache with -XX:ReservedCodeCacheSize=
# This output file may be truncated or incomplete.
#
#  Out of Memory Error (allocation.cpp:390), pid=11980, tid=0x00000000000009b0
#
# JRE version: Java(TM) SE Runtime Environment (8.0_92-b14) (build 1.8.0_92-b14)
# Java VM: Java HotSpot(TM) 64-Bit Server VM (25.92-b14 mixed mode windows-amd64 compressed oops)
# Failed to write core dump. Minidumps are not enabled by default on client versions of Windows
#

---------------  T H R E A D  ---------------

Current thread (0x0000000016ee3000):  JavaThread "C2 CompilerThread0" daemon [_thread_in_native, id=2480, stack(0x00000000181d0000,0x00000000182d0000)]

Stack: [0x00000000181d0000,0x00000000182d0000]
[error occurred during error reporting (printing stack bounds), id 0xc0000005]

Native frames: (J=compiled Java code, j=interpreted, Vv=VM code, C=native code)


Current CompileTask:
C2:   9064 2410 %     4       com.android.dx.dex.code.OutputFinisher::getAllConstants @ 18 (47 bytes)


---------------  P R O C E S S  ---------------

Java Threads: ( => current thread )
  0x000000001b2a0000 JavaThread "pool-1-thread-1" [_thread_in_Java, id=9860, stack(0x000000001c540000,0x000000001c640000)]
  0x0000000016f8d800 JavaThread "Service Thread" daemon [_thread_blocked, id=11272, stack(0x00000000185d0000,0x00000000186d0000)]
  0x0000000016f15800 JavaThread "C1 CompilerThread3" daemon [_thread_blocked, id=13008, stack(0x00000000184d0000,0x00000000185d0000)]
  0x0000000016ef2000 JavaThread "C2 CompilerThread2" daemon [_thread_in_native, id=10612, stack(0x00000000183d0000,0x00000000184d0000)]
  0x0000000016ee8800 JavaThread "C2 CompilerThread1" daemon [_thread_in_native, id=14240, stack(0x00000000182d0000,0x00000000183d0000)]
=>0x0000000016ee3000 JavaThread "C2 CompilerThread0" daemon [_thread_in_native, id=2480, stack(0x00000000181d0000,0x00000000182d0000)]
  0x0000000016ee1800 JavaThread "Attach Listener" daemon [_thread_blocked, id=7816, stack(0x00000000180d0000,0x00000000181d0000)]
  0x0000000016ee1000 JavaThread "Signal Dispatcher" daemon [_thread_blocked, id=3204, stack(0x0000000017fd0000,0x00000000180d0000)]
  0x0000000016e98000 JavaThread "Finalizer" daemon [_thread_blocked, id=1684, stack(0x0000000017de0000,0x0000000017ee0000)]
  0x0000000016e66000 JavaThread "Reference Handler" daemon [_thread_blocked, id=2408, stack(0x0000000017ce0000,0x0000000017de0000)]
  0x0000000002ef7800 JavaThread "main" [_thread_blocked, id=13176, stack(0x0000000002d30000,0x0000000002e30000)]

Other Threads:
  0x0000000015b12800 VMThread [stack: 0x0000000017be0000,0x0000000017ce0000] [id=13204]
  0x0000000016f93800 WatcherThread [stack: 0x00000000186d0000,0x00000000187d0000] [id=13260]

VM state:not at safepoint (normal execution)

VM Mutex/Monitor currently owned by a thread: None

Heap:
 PSYoungGen      total 288768K, used 69350K [0x00000000eab00000, 0x00000000fef00000, 0x0000000100000000)
  eden space 261120K, 15% used [0x00000000eab00000,0x00000000ed3c1c10,0x00000000faa00000)
  from space 27648K, 99% used [0x00000000fca00000,0x00000000fe4f7cc0,0x00000000fe500000)
  to   space 32768K, 0% used [0x00000000faa00000,0x00000000faa00000,0x00000000fca00000)
 ParOldGen       total 87552K, used 46934K [0x00000000c0000000, 0x00000000c5580000, 0x00000000eab00000)
  object space 87552K, 53% used [0x00000000c0000000,0x00000000c2dd5920,0x00000000c5580000)
 Metaspace       used 6544K, capacity 7320K, committed 7680K, reserved 1056768K
  class space    used 624K, capacity 656K, committed 768K, reserved 1048576K

Card table byte_map: [0x00000000123b0000,0x00000000125c0000] byte_map_base: 0x0000000011db0000

Marking Bits: (ParMarkBitMap*) 0x00000000713b64f0
 Begin Bits: [0x0000000012f20000, 0x0000000013f20000)
 End Bits:   [0x0000000013f20000, 0x0000000014f20000)

Polling page: 0x0000000002bf0000

CodeCache: size=245760Kb used=10573Kb max_used=10576Kb free=235186Kb
 bounds [0x0000000002ff0000, 0x0000000003a50000, 0x0000000011ff0000]
 total_blobs=2582 nmethods=2312 adapters=182
 compilation: enabled

Compilation events (10 events):
Event: 8.836 Thread 0x0000000016ee8800 nmethod 2406 0x0000000003a36b10 code [0x0000000003a36c40, 0x0000000003a36cd8]
Event: 8.836 Thread 0x0000000016ee8800 2394       4       com.android.dx.dex.file.OffsettedItem::<init> (44 bytes)
Event: 8.836 Thread 0x0000000016ee8800 nmethod 2394 0x0000000003a381d0 code [0x0000000003a38300, 0x0000000003a383d8]
Event: 8.836 Thread 0x0000000016ee8800 2373       4       java.util.TreeMap::values (25 bytes)
Event: 8.838 Thread 0x0000000016ee8800 nmethod 2373 0x0000000003a37ed0 code [0x0000000003a38020, 0x0000000003a38118]
Event: 8.973 Thread 0x0000000016f15800 2418       3       com.android.dx.rop.code.SwitchInsn::getCatches (4 bytes)
Event: 8.973 Thread 0x0000000016f15800 nmethod 2418 0x0000000003a37b90 code [0x0000000003a37ce0, 0x0000000003a37e30]
Event: 8.973 Thread 0x0000000016f15800 2419       3       com.android.dx.dex.file.DexFile::internIfAppropriate (128 bytes)
Event: 8.974 Thread 0x0000000016f15800 nmethod 2419 0x0000000003a47450 code [0x0000000003a47700, 0x0000000003a48f38]
Event: 8.975 Thread 0x0000000016ee8800 2420       4       com.android.dx.dex.file.CodeItem::addContents (174 bytes)

GC Heap History (10 events):
Event: 2.534 GC heap before
{Heap before GC invocations=2 (full 0):
 PSYoungGen      total 38400K, used 38391K [0x00000000eab00000, 0x00000000ef600000, 0x0000000100000000)
  eden space 33280K, 100% used [0x00000000eab00000,0x00000000ecb80000,0x00000000ecb80000)
  from space 5120K, 99% used [0x00000000ecb80000,0x00000000ed07dc88,0x00000000ed080000)
  to   space 5120K, 0% used [0x00000000ef100000,0x00000000ef100000,0x00000000ef600000)
 ParOldGen       total 87552K, used 1764K [0x00000000c0000000, 0x00000000c5580000, 0x00000000eab00000)
  object space 87552K, 2% used [0x00000000c0000000,0x00000000c01b90b8,0x00000000c5580000)
 Metaspace       used 6128K, capacity 7064K, committed 7424K, reserved 1056768K
  class space    used 616K, capacity 656K, committed 768K, reserved 1048576K
Event: 2.620 GC heap after
Heap after GC invocations=2 (full 0):
 PSYoungGen      total 71680K, used 5104K [0x00000000eab00000, 0x00000000ef600000, 0x0000000100000000)
  eden space 66560K, 0% used [0x00000000eab00000,0x00000000eab00000,0x00000000eec00000)
  from space 5120K, 99% used [0x00000000ef100000,0x00000000ef5fc310,0x00000000ef600000)
  to   space 5120K, 0% used [0x00000000eec00000,0x00000000eec00000,0x00000000ef100000)
 ParOldGen       total 87552K, used 6069K [0x00000000c0000000, 0x00000000c5580000, 0x00000000eab00000)
  object space 87552K, 6% used [0x00000000c0000000,0x00000000c05ed7d0,0x00000000c5580000)
 Metaspace       used 6128K, capacity 7064K, committed 7424K, reserved 1056768K
  class space    used 616K, capacity 656K, committed 768K, reserved 1048576K
}
Event: 4.603 GC heap before
{Heap before GC invocations=3 (full 0):
 PSYoungGen      total 71680K, used 71664K [0x00000000eab00000, 0x00000000ef600000, 0x0000000100000000)
  eden space 66560K, 100% used [0x00000000eab00000,0x00000000eec00000,0x00000000eec00000)
  from space 5120K, 99% used [0x00000000ef100000,0x00000000ef5fc310,0x00000000ef600000)
  to   space 5120K, 0% used [0x00000000eec00000,0x00000000eec00000,0x00000000ef100000)
 ParOldGen       total 87552K, used 6069K [0x00000000c0000000, 0x00000000c5580000, 0x00000000eab00000)
  object space 87552K, 6% used [0x00000000c0000000,0x00000000c05ed7d0,0x00000000c5580000)
 Metaspace       used 6273K, capacity 7192K, committed 7424K, reserved 1056768K
  class space    used 616K, capacity 656K, committed 768K, reserved 1048576K
Event: 4.651 GC heap after
Heap after GC invocations=3 (full 0):
 PSYoungGen      total 71680K, used 5114K [0x00000000eab00000, 0x00000000f3700000, 0x0000000100000000)
  eden space 66560K, 0% used [0x00000000eab00000,0x00000000eab00000,0x00000000eec00000)
  from space 5120K, 99% used [0x00000000eec00000,0x00000000ef0feaa8,0x00000000ef100000)
  to   space 5120K, 0% used [0x00000000f3200000,0x00000000f3200000,0x00000000f3700000)
 ParOldGen       total 87552K, used 15169K [0x00000000c0000000, 0x00000000c5580000, 0x00000000eab00000)
  object space 87552K, 17% used [0x00000000c0000000,0x00000000c0ed04d8,0x00000000c5580000)
 Metaspace       used 6273K, capacity 7192K, committed 7424K, reserved 1056768K
  class space    used 616K, capacity 656K, committed 768K, reserved 1048576K
}
Event: 5.419 GC heap before
{Heap before GC invocations=4 (full 0):
 PSYoungGen      total 71680K, used 71674K [0x00000000eab00000, 0x00000000f3700000, 0x0000000100000000)
  eden space 66560K, 100% used [0x00000000eab00000,0x00000000eec00000,0x00000000eec00000)
  from space 5120K, 99% used [0x00000000eec00000,0x00000000ef0feaa8,0x00000000ef100000)
  to   space 5120K, 0% used [0x00000000f3200000,0x00000000f3200000,0x00000000f3700000)
 ParOldGen       total 87552K, used 15169K [0x00000000c0000000, 0x00000000c5580000, 0x00000000eab00000)
  object space 87552K, 17% used [0x00000000c0000000,0x00000000c0ed04d8,0x00000000c5580000)
 Metaspace       used 6344K, capacity 7192K, committed 7424K, reserved 1056768K
  class space    used 616K, capacity 656K, committed 768K, reserved 1048576K
Event: 5.482 GC heap after
Heap after GC invocations=4 (full 0):
 PSYoungGen      total 138240K, used 5099K [0x00000000eab00000, 0x00000000f3700000, 0x0000000100000000)
  eden space 133120K, 0% used [0x00000000eab00000,0x00000000eab00000,0x00000000f2d00000)
  from space 5120K, 99% used [0x00000000f3200000,0x00000000f36fad88,0x00000000f3700000)
  to   space 5120K, 0% used [0x00000000f2d00000,0x00000000f2d00000,0x00000000f3200000)
 ParOldGen       total 87552K, used 25210K [0x00000000c0000000, 0x00000000c5580000, 0x00000000eab00000)
  object space 87552K, 28% used [0x00000000c0000000,0x00000000c189e9e0,0x00000000c5580000)
 Metaspace       used 6344K, capacity 7192K, committed 7424K, reserved 1056768K
  class space    used 616K, capacity 656K, committed 768K, reserved 1048576K
}
Event: 6.643 GC heap before
{Heap before GC invocations=5 (full 0):
 PSYoungGen      total 138240K, used 138219K [0x00000000eab00000, 0x00000000f3700000, 0x0000000100000000)
  eden space 133120K, 100% used [0x00000000eab00000,0x00000000f2d00000,0x00000000f2d00000)
  from space 5120K, 99% used [0x00000000f3200000,0x00000000f36fad88,0x00000000f3700000)
  to   space 5120K, 0% used [0x00000000f2d00000,0x00000000f2d00000,0x00000000f3200000)
 ParOldGen       total 87552K, used 25210K [0x00000000c0000000, 0x00000000c5580000, 0x00000000eab00000)
  object space 87552K, 28% used [0x00000000c0000000,0x00000000c189e9e0,0x00000000c5580000)
 Metaspace       used 6422K, capacity 7256K, committed 7424K, reserved 1056768K
  class space    used 617K, capacity 656K, committed 768K, reserved 1048576K
Event: 6.746 GC heap after
Heap after GC invocations=5 (full 0):
 PSYoungGen      total 138240K, used 5106K [0x00000000eab00000, 0x00000000fe500000, 0x0000000100000000)
  eden space 133120K, 0% used [0x00000000eab00000,0x00000000eab00000,0x00000000f2d00000)
  from space 5120K, 99% used [0x00000000f2d00000,0x00000000f31fca58,0x00000000f3200000)
  to   space 27648K, 0% used [0x00000000fca00000,0x00000000fca00000,0x00000000fe500000)
 ParOldGen       total 87552K, used 46934K [0x00000000c0000000, 0x00000000c5580000, 0x00000000eab00000)
  object space 87552K, 53% used [0x00000000c0000000,0x00000000c2dd5920,0x00000000c5580000)
 Metaspace       used 6422K, capacity 7256K, committed 7424K, reserved 1056768K
  class space    used 617K, capacity 656K, committed 768K, reserved 1048576K
}
Event: 7.875 GC heap before
{Heap before GC invocations=6 (full 0):
 PSYoungGen      total 138240K, used 138226K [0x00000000eab00000, 0x00000000fe500000, 0x0000000100000000)
  eden space 133120K, 100% used [0x00000000eab00000,0x00000000f2d00000,0x00000000f2d00000)
  from space 5120K, 99% used [0x00000000f2d00000,0x00000000f31fca58,0x00000000f3200000)
  to   space 27648K, 0% used [0x00000000fca00000,0x00000000fca00000,0x00000000fe500000)
 ParOldGen       total 87552K, used 46934K [0x00000000c0000000, 0x00000000c5580000, 0x00000000eab00000)
  object space 87552K, 53% used [0x00000000c0000000,0x00000000c2dd5920,0x00000000c5580000)
 Metaspace       used 6439K, capacity 7256K, committed 7424K, reserved 1056768K
  class space    used 617K, capacity 656K, committed 768K, reserved 1048576K
Event: 7.917 GC heap after
Heap after GC invocations=6 (full 0):
 PSYoungGen      total 288768K, used 27615K [0x00000000eab00000, 0x00000000fef00000, 0x0000000100000000)
  eden space 261120K, 0% used [0x00000000eab00000,0x00000000eab00000,0x00000000faa00000)
  from space 27648K, 99% used [0x00000000fca00000,0x00000000fe4f7cc0,0x00000000fe500000)
  to   space 32768K, 0% used [0x00000000faa00000,0x00000000faa00000,0x00000000fca00000)
 ParOldGen       total 87552K, used 46934K [0x00000000c0000000, 0x00000000c5580000, 0x00000000eab00000)
  object space 87552K, 53% used [0x00000000c0000000,0x00000000c2dd5920,0x00000000c5580000)
 Metaspace       used 6439K, capacity 7256K, committed 7424K, reserved 1056768K
  class space    used 617K, capacity 656K, committed 768K, reserved 1048576K
}

Deoptimization events (10 events):
Event: 7.165 Thread 0x000000001895b000 Uncommon trap: reason=unstable_if action=reinterpret pc=0x0000000003893c98 method=com.android.dx.dex.code.RopTranslator.pickOrder()V @ 279
Event: 7.767 Thread 0x0000000018979800 Uncommon trap: reason=unstable_if action=reinterpret pc=0x0000000003504b94 method=com.android.dx.rop.code.LocalItem.compareHandlesNulls(Lcom/android/dx/rop/cst/CstString;Lcom/android/dx/rop/cst/CstString;)I @ 14
Event: 8.445 Thread 0x000000001b2a0000 Uncommon trap: reason=class_check action=maybe_recompile pc=0x00000000034503c8 method=java.util.Arrays.hashCode([Ljava/lang/Object;)I @ 43
Event: 8.445 Thread 0x000000001b2a0000 Uncommon trap: reason=class_check action=maybe_recompile pc=0x00000000034503c8 method=java.util.Arrays.hashCode([Ljava/lang/Object;)I @ 43
Event: 8.445 Thread 0x000000001b2a0000 Uncommon trap: reason=class_check action=maybe_recompile pc=0x00000000034503c8 method=java.util.Arrays.hashCode([Ljava/lang/Object;)I @ 43
Event: 8.445 Thread 0x000000001b2a0000 Uncommon trap: reason=class_check action=maybe_recompile pc=0x00000000034503c8 method=java.util.Arrays.hashCode([Ljava/lang/Object;)I @ 43
Event: 8.583 Thread 0x000000001b2a0000 Uncommon trap: reason=bimorphic action=maybe_recompile pc=0x0000000003a2b400 method=java.util.HashMap.putVal(ILjava/lang/Object;Ljava/lang/Object;ZZ)Ljava/lang/Object; @ 203
Event: 8.583 Thread 0x000000001b2a0000 Uncommon trap: reason=bimorphic action=maybe_recompile pc=0x0000000003a2b400 method=java.util.HashMap.putVal(ILjava/lang/Object;Ljava/lang/Object;ZZ)Ljava/lang/Object; @ 203
Event: 8.583 Thread 0x000000001b2a0000 Uncommon trap: reason=bimorphic action=maybe_recompile pc=0x0000000003a2b400 method=java.util.HashMap.putVal(ILjava/lang/Object;Ljava/lang/Object;ZZ)Ljava/lang/Object; @ 203
Event: 8.583 Thread 0x000000001b2a0000 Uncommon trap: reason=bimorphic action=maybe_recompile pc=0x0000000003a2b400 method=java.util.HashMap.putVal(ILjava/lang/Object;Ljava/lang/Object;ZZ)Ljava/lang/Object; @ 203

Internal exceptions (9 events):
Event: 0.053 Thread 0x0000000002ef7800 Exception <a 'java/lang/NoSuchMethodError': Method sun.misc.Unsafe.defineClass(Ljava/lang/String;[BII)Ljava/lang/Class; name or signature does not match> (0x00000000eab07cc0) thrown at [D:\re\workspace\8-2-build-windows-amd64-cygwin\jdk8u92\6642\hotspot\sr” Pjn´?
Event: 0.054 Thread 0x0000000002ef7800 Exception <a 'java/lang/NoSuchMethodError': Method sun.misc.Unsafe.prefetchRead(Ljava/lang/Object;J)V name or signature does not match> (0x00000000eab07fa8) thrown at [D:\re\workspace\8-2-build-windows-amd64-cygwin\jdk8u92\6642\hotspot\src\share\vm\prims\j‰Íaèxˆ?
Event: 1.404 Thread 0x000000001896a000 Implicit null exception at 0x0000000003389689 to 0x000000000338b3c1
Event: 1.405 Thread 0x000000001896a000 Implicit null exception at 0x00000000033919a9 to 0x00000000033939b5
Event: 2.460 Thread 0x0000000002ef7800 Exception <a 'java/lang/ArrayIndexOutOfBoundsException': 18> (0x00000000ec7fcb98) thrown at [D:\re\workspace\8-2-build-windows-amd64-cygwin\jdk8u92\6642\hotspot\src\share\vm\interpreter\interpreterRuntime.cpp, line 366]
Event: 2.463 Thread 0x0000000002ef7800 Exception <a 'java/lang/ArrayIndexOutOfBoundsException'> (0x00000000ec7fe718) thrown at [D:\re\workspace\8-2-build-windows-amd64-cygwin\jdk8u92\6642\hotspot\src\share\vm\runtime\sharedRuntime.cpp, line 605]
Event: 2.464 Thread 0x0000000002ef7800 Exception <a 'java/lang/ArrayIndexOutOfBoundsException'> (0x00000000ec7ffa00) thrown at [D:\re\workspace\8-2-build-windows-amd64-cygwin\jdk8u92\6642\hotspot\src\share\vm\runtime\sharedRuntime.cpp, line 605]
Event: 2.792 Thread 0x0000000002ef7800 Implicit null exception at 0x00000000034cf3e2 to 0x00000000034cf4d2
Event: 7.767 Thread 0x0000000018979800 Implicit null exception at 0x0000000003503692 to 0x0000000003504b61

Events (10 events):
Event: 8.583 Thread 0x000000001b2a0000 DEOPT UNPACKING pc=0x000000000303582a sp=0x000000001c63ea08 mode 2
Event: 8.583 Thread 0x000000001b2a0000 Uncommon trap: trap_request=0xffffffc6 fr.pc=0x0000000003a2b400
Event: 8.583 Thread 0x000000001b2a0000 DEOPT PACKING pc=0x0000000003a2b400 sp=0x000000001c63ea10
Event: 8.583 Thread 0x000000001b2a0000 DEOPT UNPACKING pc=0x000000000303582a sp=0x000000001c63e998 mode 2
Event: 8.583 Thread 0x000000001b2a0000 Uncommon trap: trap_request=0xffffffc6 fr.pc=0x0000000003a2b400
Event: 8.583 Thread 0x000000001b2a0000 DEOPT PACKING pc=0x0000000003a2b400 sp=0x000000001c63ea10
Event: 8.583 Thread 0x000000001b2a0000 DEOPT UNPACKING pc=0x000000000303582a sp=0x000000001c63e998 mode 2
Event: 8.583 Thread 0x000000001b2a0000 Uncommon trap: trap_request=0xffffffc6 fr.pc=0x0000000003a2b400
Event: 8.583 Thread 0x000000001b2a0000 DEOPT PACKING pc=0x0000000003a2b400 sp=0x000000001c63ea10
Event: 8.583 Thread 0x000000001b2a0000 DEOPT UNPACKING pc=0x000000000303582a sp=0x000000001c63e998 mode 2


Dynamic libraries:
0x00007ff774d50000 - 0x00007ff774d87000 	C:\Program Files\Java\jdk1.8.0_92\bin\java.exe
0x00007ffee4570000 - 0x00007ffee4741000 	C:\WINDOWS\SYSTEM32\ntdll.dll
0x00007ffee25e0000 - 0x00007ffee268b000 	C:\WINDOWS\System32\KERNEL32.DLL
0x00007ffee0c10000 - 0x00007ffee0e2d000 	C:\WINDOWS\System32\KERNELBASE.dll
0x0000000071c80000 - 0x0000000071d2e000 	C:\Program Files\Bitdefender\Bitdefender 2016\Active Virus Control\Avc3_00369_042\avcuf64.dll
0x00007ffedef60000 - 0x00007ffedefda000 	C:\WINDOWS\system32\apphelp.dll
0x00007ffebdcf0000 - 0x00007ffebe172000 	C:\WINDOWS\AppPatch\AppPatch64\AcLayers.DLL
0x00007ffee4420000 - 0x00007ffee44be000 	C:\WINDOWS\System32\msvcrt.dll
0x00007ffee2260000 - 0x00007ffee23c5000 	C:\WINDOWS\System32\USER32.dll
0x00007ffee1a10000 - 0x00007ffee1a2e000 	C:\WINDOWS\System32\win32u.dll
0x00007ffee2220000 - 0x00007ffee2254000 	C:\WINDOWS\System32\GDI32.dll
0x00007ffee0fd0000 - 0x00007ffee1152000 	C:\WINDOWS\System32\gdi32full.dll
0x00007ffee21b0000 - 0x00007ffee2202000 	C:\WINDOWS\System32\SHLWAPI.dll
0x00007ffee3c70000 - 0x00007ffee3f37000 	C:\WINDOWS\System32\combase.dll
0x00007ffee0e30000 - 0x00007ffee0f25000 	C:\WINDOWS\System32\ucrtbase.dll
0x00007ffee42f0000 - 0x00007ffee4411000 	C:\WINDOWS\System32\RPCRT4.dll
0x00007ffee0af0000 - 0x00007ffee0b5a000 	C:\WINDOWS\System32\bcryptPrimitives.dll
0x0000000000bf0000 - 0x0000000000bf3000 	C:\WINDOWS\SYSTEM32\sfc.dll
0x00007ffedafc0000 - 0x00007ffedb045000 	C:\WINDOWS\SYSTEM32\WINSPOOL.DRV
0x00007ffee08f0000 - 0x00007ffee091b000 	C:\WINDOWS\SYSTEM32\bcrypt.dll
0x00007ffecee00000 - 0x00007ffecee11000 	C:\WINDOWS\SYSTEM32\sfc_os.DLL
0x00007ffed69a0000 - 0x00007ffed69b1000 	C:\WINDOWS\SYSTEM32\SortWindows61.dll
0x00007ffee2180000 - 0x00007ffee21ae000 	C:\WINDOWS\System32\IMM32.DLL
0x00007ffee4240000 - 0x00007ffee42e2000 	C:\WINDOWS\System32\ADVAPI32.dll
0x00007ffee26f0000 - 0x00007ffee2749000 	C:\WINDOWS\System32\sechost.dll
0x00007ffedbbc0000 - 0x00007ffedbe39000 	C:\WINDOWS\WinSxS\amd64_microsoft.windows.common-controls_6595b64144ccf1df_6.0.14393.0_none_2d0f50fcbdb171b8\COMCTL32.dll
0x0000000002c50000 - 0x0000000002d22000 	C:\Program Files\Java\jdk1.8.0_92\jre\bin\msvcr100.dll
0x0000000070ba0000 - 0x0000000071436000 	C:\Program Files\Java\jdk1.8.0_92\jre\bin\server\jvm.dll
0x00007ffee2750000 - 0x00007ffee2758000 	C:\WINDOWS\System32\PSAPI.DLL
0x00007ffed48b0000 - 0x00007ffed48b9000 	C:\WINDOWS\SYSTEM32\WSOCK32.dll
0x00007ffee44e0000 - 0x00007ffee454a000 	C:\WINDOWS\System32\WS2_32.dll
0x00007ffede960000 - 0x00007ffede983000 	C:\WINDOWS\SYSTEM32\WINMM.dll
0x00007ffeddcc0000 - 0x00007ffeddcca000 	C:\WINDOWS\SYSTEM32\VERSION.dll
0x00007ffede6a0000 - 0x00007ffede6cb000 	C:\WINDOWS\SYSTEM32\WINMMBASE.dll
0x00007ffee1a90000 - 0x00007ffee1ad2000 	C:\WINDOWS\System32\cfgmgr32.dll
0x0000000002bb0000 - 0x0000000002bbf000 	C:\Program Files\Java\jdk1.8.0_92\jre\bin\verify.dll
0x0000000002bc0000 - 0x0000000002be9000 	C:\Program Files\Java\jdk1.8.0_92\jre\bin\java.dll
0x0000000002c20000 - 0x0000000002c36000 	C:\Program Files\Java\jdk1.8.0_92\jre\bin\zip.dll
0x00007ffee2760000 - 0x00007ffee3c68000 	C:\WINDOWS\System32\SHELL32.dll
0x00007ffee1330000 - 0x00007ffee1a0a000 	C:\WINDOWS\System32\windows.storage.dll
0x00007ffee09f0000 - 0x00007ffee0a3c000 	C:\WINDOWS\System32\powrprof.dll
0x00007ffee09d0000 - 0x00007ffee09df000 	C:\WINDOWS\System32\kernel.appcore.dll
0x00007ffee0b60000 - 0x00007ffee0c09000 	C:\WINDOWS\System32\shcore.dll
0x00007ffee09b0000 - 0x00007ffee09c4000 	C:\WINDOWS\System32\profapi.dll

VM Arguments:
jvm_args: -Djava.awt.headless=true -Xmx1024M -Dfile.encoding=windows-1252 -Duser.country=US -Duser.language=en -Duser.variant 
java_command: com.android.dx.command.Main --dex --force-jumbo --num-threads=4 --multi-dex --output C:\Users\kikkos\AndroidStudioProjects\Udacity\StockHawk\app\build\intermediates\transforms\dex\debug\folders\1000\10\com.android.support-support-v4-23.2.1_fdc3289b3c6233c8c371e69653951d73156db61c C:\Users\kikkos\AndroidStudioProjects\Udacity\StockHawk\app\build\intermediates\exploded-aar\com.android.support\support-v4\23.2.1\jars\classes.jar
java_class_path (initial): C:\Users\kikkos\AppData\Local\Android\sdk\build-tools\23.0.1\lib\dx.jar
Launcher Type: SUN_STANDARD

Environment Variables:
JAVA_HOME=C:\Program Files\Java\jdk1.8.0_92
PATH=C:\Program Files (x86)\Intel\iCLS Client\;C:\Program Files\Intel\iCLS Client\;C:\ProgramData\Oracle\Java\javapath;C:\Program Files\ImageMagick-6.8.9-Q16;C:\WINDOWS\system32;C:\WINDOWS;C:\WINDOWS\System32\Wbem;C:\Program Files\Lenovo\Bluetooth Software\;C:\Program Files\Lenovo\Bluetooth Software\syswow64;C:\Program Files\Intel\WiFi\bin\;C:\Program Files\Common Files\Intel\WirelessCommon\;C:\Program Files\Microsoft\Web Platform Installer\;C:\WINDOWS\System32\WindowsPowerShell\v1.0\;C:\Program Files\Microsoft SQL Server\110\Tools\Binn\;C:\Program Files\Sublime Text 2;C:\Program Files (x86)\Heroku\bin;C:\Program Files\Intel\Intel(R) Management Engine Components\DAL;C:\Program Files\Intel\Intel(R) Management Engine Components\IPT;C:\Program Files (x86)\Intel\Intel(R) Management Engine Components\DAL;C:\Program Files (x86)\Intel\Intel(R) Management Engine Components\IPT;C:\Program Files (x86)\NVIDIA Corporation\PhysX\Common;C:\WINDOWS\system32;C:\WINDOWS;C:\WINDOWS\System32\Wbem;C:\WINDOWS\System32\WindowsPowerShell\v1.0\;C:\Program Files (x86)\Skype\Phone\;C:\Ruby23-x64\bin;C:\Program Files (x86)\MySQL\MySQL Fabric 1.5 & MySQL Utilities 1.5\;C:\Program Files (x86)\MySQL\MySQL Fabric 1.5 & MySQL Utilities 1.5\Doctrine extensions for PHP\;C:\Program Files\MySQL\MySQL Server 5.7\bin;C:\RailsInstaller\Ruby2.2.0\bin;C:\Users\kikkos\AppData\Local\GitHub\PortableGit_d76a6a98c9315931ec4927243517bc09e9b731a0\cmd;C:\Ruby22-x64\bin;C:\Program Files (x86)\Heroku\ruby-1.9.3\bin;C:\Program Files\Intel\WiFi\bin\;C:\Program Files\Common Files\Intel\WirelessCommon\;C:\Program Files\MongoDB\Server\3.2\bin;C:\sqlite;C:\Users\kikkos\AppData\Local\Microsoft\WindowsApps;C:\Program Files\Java\jdk1.8.0_92\bin
USERNAME=kikkos
OS=Windows_NT
PROCESSOR_IDENTIFIER=Intel64 Family 6 Model 42 Stepping 7, GenuineIntel



---------------  S Y S T E M  ---------------

OS: Windows 10.0 , 64 bit Build 14393 (10.0.14393.0)

CPU:total 8 (4 cores per cpu, 2 threads per core) family 6 model 42 stepping 7, cmov, cx8, fxsr, mmx, sse, sse2, sse3, ssse3, sse4.1, sse4.2, popcnt, avx, aes, clmul, ht, tsc, tscinvbit

Memory: 4k page, physical 8300684k(2028256k free), swap 8505484k(5628k free)

vm_info: Java HotSpot(TM) 64-Bit Server VM (25.92-b14) for windows-amd64 JRE (1.8.0_92-b14), built on Mar 31 2016 21:03:04 by "java_re" with MS VC++ 10.0 (VS2010)

time: Fri Oct 28 20:22:45 2016
elapsed time: 9 seconds (0d 0h 0m 9s)

